{"/Users/steven/Desktop/side project/order-book/src/OrderBook.vue": {"path":"/Users/steven/Desktop/side project/order-book/src/OrderBook.vue","all":false,"statementMap":{"1":{"start":{"line":2,"column":0},"end":{"line":2,"column":45}},"2":{"start":{"line":3,"column":0},"end":{"line":3,"column":63}},"3":{"start":{"line":4,"column":0},"end":{"line":4,"column":56}},"4":{"start":{"line":5,"column":0},"end":{"line":5,"column":9}},"9":{"start":{"line":10,"column":0},"end":{"line":10,"column":76}},"10":{"start":{"line":11,"column":0},"end":{"line":11,"column":59}},"11":{"start":{"line":12,"column":0},"end":{"line":12,"column":49}},"12":{"start":{"line":13,"column":0},"end":{"line":13,"column":49}},"13":{"start":{"line":14,"column":0},"end":{"line":14,"column":61}},"14":{"start":{"line":15,"column":0},"end":{"line":15,"column":71}},"16":{"start":{"line":17,"column":0},"end":{"line":17,"column":63}},"38":{"start":{"line":39,"column":0},"end":{"line":39,"column":28}},"39":{"start":{"line":40,"column":0},"end":{"line":40,"column":18}},"40":{"start":{"line":41,"column":0},"end":{"line":41,"column":20}},"41":{"start":{"line":42,"column":0},"end":{"line":42,"column":2}},"43":{"start":{"line":44,"column":0},"end":{"line":44,"column":48}},"45":{"start":{"line":46,"column":0},"end":{"line":46,"column":49}},"47":{"start":{"line":48,"column":0},"end":{"line":48,"column":43}},"48":{"start":{"line":49,"column":0},"end":{"line":49,"column":11}},"49":{"start":{"line":50,"column":0},"end":{"line":50,"column":10}},"50":{"start":{"line":51,"column":0},"end":{"line":51,"column":2}},"52":{"start":{"line":53,"column":0},"end":{"line":53,"column":51}},"54":{"start":{"line":55,"column":0},"end":{"line":55,"column":45}},"57":{"start":{"line":58,"column":0},"end":{"line":58,"column":4}},"58":{"start":{"line":59,"column":0},"end":{"line":59,"column":11}},"59":{"start":{"line":60,"column":0},"end":{"line":60,"column":10}},"60":{"start":{"line":61,"column":0},"end":{"line":61,"column":2}},"65":{"start":{"line":66,"column":0},"end":{"line":66,"column":86}},"66":{"start":{"line":67,"column":0},"end":{"line":67,"column":42}},"67":{"start":{"line":68,"column":0},"end":{"line":68,"column":25}},"68":{"start":{"line":69,"column":0},"end":{"line":69,"column":24}},"69":{"start":{"line":70,"column":0},"end":{"line":70,"column":38}},"71":{"start":{"line":72,"column":0},"end":{"line":72,"column":30}},"72":{"start":{"line":73,"column":0},"end":{"line":73,"column":45}},"73":{"start":{"line":74,"column":0},"end":{"line":74,"column":34}},"76":{"start":{"line":77,"column":0},"end":{"line":77,"column":34}},"77":{"start":{"line":78,"column":0},"end":{"line":78,"column":30}},"78":{"start":{"line":79,"column":0},"end":{"line":79,"column":27}},"79":{"start":{"line":80,"column":0},"end":{"line":80,"column":35}},"80":{"start":{"line":81,"column":0},"end":{"line":81,"column":7}},"81":{"start":{"line":82,"column":0},"end":{"line":82,"column":5}},"83":{"start":{"line":84,"column":0},"end":{"line":84,"column":30}},"86":{"start":{"line":87,"column":0},"end":{"line":87,"column":48}},"88":{"start":{"line":89,"column":0},"end":{"line":89,"column":65}},"90":{"start":{"line":91,"column":0},"end":{"line":91,"column":76}},"92":{"start":{"line":93,"column":0},"end":{"line":93,"column":76}},"93":{"start":{"line":94,"column":0},"end":{"line":94,"column":33}},"94":{"start":{"line":95,"column":0},"end":{"line":95,"column":12}},"96":{"start":{"line":97,"column":0},"end":{"line":97,"column":71}},"97":{"start":{"line":98,"column":0},"end":{"line":98,"column":71}},"100":{"start":{"line":101,"column":0},"end":{"line":101,"column":73}},"102":{"start":{"line":103,"column":0},"end":{"line":103,"column":74}},"104":{"start":{"line":105,"column":0},"end":{"line":105,"column":74}},"105":{"start":{"line":106,"column":0},"end":{"line":106,"column":5}},"106":{"start":{"line":107,"column":0},"end":{"line":107,"column":3}},"107":{"start":{"line":108,"column":0},"end":{"line":108,"column":2}},"112":{"start":{"line":113,"column":0},"end":{"line":113,"column":27}},"113":{"start":{"line":114,"column":0},"end":{"line":114,"column":38}},"114":{"start":{"line":115,"column":0},"end":{"line":115,"column":34}},"115":{"start":{"line":116,"column":0},"end":{"line":116,"column":24}},"116":{"start":{"line":117,"column":0},"end":{"line":117,"column":26}},"117":{"start":{"line":118,"column":0},"end":{"line":118,"column":35}},"118":{"start":{"line":119,"column":0},"end":{"line":119,"column":34}},"119":{"start":{"line":120,"column":0},"end":{"line":120,"column":35}},"120":{"start":{"line":121,"column":0},"end":{"line":121,"column":46}},"121":{"start":{"line":122,"column":0},"end":{"line":122,"column":34}},"122":{"start":{"line":123,"column":0},"end":{"line":123,"column":5}},"123":{"start":{"line":124,"column":0},"end":{"line":124,"column":34}},"124":{"start":{"line":125,"column":0},"end":{"line":125,"column":3}},"125":{"start":{"line":126,"column":0},"end":{"line":126,"column":2}},"128":{"start":{"line":129,"column":0},"end":{"line":129,"column":41}},"130":{"start":{"line":131,"column":0},"end":{"line":131,"column":10}},"131":{"start":{"line":132,"column":0},"end":{"line":132,"column":37}},"132":{"start":{"line":133,"column":0},"end":{"line":133,"column":37}},"133":{"start":{"line":134,"column":0},"end":{"line":134,"column":73}},"134":{"start":{"line":135,"column":0},"end":{"line":135,"column":72}},"135":{"start":{"line":136,"column":0},"end":{"line":136,"column":3}},"136":{"start":{"line":137,"column":0},"end":{"line":137,"column":2}},"139":{"start":{"line":140,"column":0},"end":{"line":140,"column":42}},"140":{"start":{"line":141,"column":0},"end":{"line":141,"column":52}},"141":{"start":{"line":142,"column":0},"end":{"line":142,"column":12}},"142":{"start":{"line":143,"column":0},"end":{"line":143,"column":36}},"143":{"start":{"line":144,"column":0},"end":{"line":144,"column":44}},"144":{"start":{"line":145,"column":0},"end":{"line":145,"column":36}},"145":{"start":{"line":146,"column":0},"end":{"line":146,"column":5}},"146":{"start":{"line":147,"column":0},"end":{"line":147,"column":3}},"148":{"start":{"line":149,"column":0},"end":{"line":149,"column":58}},"149":{"start":{"line":150,"column":0},"end":{"line":150,"column":54}},"151":{"start":{"line":152,"column":0},"end":{"line":152,"column":10}},"152":{"start":{"line":153,"column":0},"end":{"line":153,"column":64}},"153":{"start":{"line":154,"column":0},"end":{"line":154,"column":65}},"154":{"start":{"line":155,"column":0},"end":{"line":155,"column":33}},"155":{"start":{"line":156,"column":0},"end":{"line":156,"column":24}},"156":{"start":{"line":157,"column":0},"end":{"line":157,"column":8}},"157":{"start":{"line":158,"column":0},"end":{"line":158,"column":3}},"158":{"start":{"line":159,"column":0},"end":{"line":159,"column":2}},"163":{"start":{"line":164,"column":0},"end":{"line":164,"column":26}},"164":{"start":{"line":165,"column":0},"end":{"line":165,"column":26}},"165":{"start":{"line":166,"column":0},"end":{"line":166,"column":71}},"166":{"start":{"line":167,"column":0},"end":{"line":167,"column":15}},"167":{"start":{"line":168,"column":0},"end":{"line":168,"column":90}},"168":{"start":{"line":169,"column":0},"end":{"line":169,"column":34}},"169":{"start":{"line":170,"column":0},"end":{"line":170,"column":8}},"170":{"start":{"line":171,"column":0},"end":{"line":171,"column":10}},"172":{"start":{"line":173,"column":0},"end":{"line":173,"column":27}},"173":{"start":{"line":174,"column":0},"end":{"line":174,"column":21}},"174":{"start":{"line":175,"column":0},"end":{"line":175,"column":20}},"175":{"start":{"line":176,"column":0},"end":{"line":176,"column":25}},"176":{"start":{"line":177,"column":0},"end":{"line":177,"column":21}},"177":{"start":{"line":178,"column":0},"end":{"line":178,"column":38}},"178":{"start":{"line":179,"column":0},"end":{"line":179,"column":30}},"179":{"start":{"line":180,"column":0},"end":{"line":180,"column":23}},"180":{"start":{"line":181,"column":0},"end":{"line":181,"column":24}},"181":{"start":{"line":182,"column":0},"end":{"line":182,"column":12}},"182":{"start":{"line":183,"column":0},"end":{"line":183,"column":22}},"183":{"start":{"line":184,"column":0},"end":{"line":184,"column":36}},"184":{"start":{"line":185,"column":0},"end":{"line":185,"column":72}},"185":{"start":{"line":186,"column":0},"end":{"line":186,"column":23}},"186":{"start":{"line":187,"column":0},"end":{"line":187,"column":24}},"187":{"start":{"line":188,"column":0},"end":{"line":188,"column":34}},"188":{"start":{"line":189,"column":0},"end":{"line":189,"column":64}},"189":{"start":{"line":190,"column":0},"end":{"line":190,"column":50}},"190":{"start":{"line":191,"column":0},"end":{"line":191,"column":47}},"191":{"start":{"line":192,"column":0},"end":{"line":192,"column":12}},"192":{"start":{"line":193,"column":0},"end":{"line":193,"column":19}},"193":{"start":{"line":194,"column":0},"end":{"line":194,"column":12}},"195":{"start":{"line":196,"column":0},"end":{"line":196,"column":28}},"196":{"start":{"line":197,"column":0},"end":{"line":197,"column":10}},"197":{"start":{"line":198,"column":0},"end":{"line":198,"column":38}},"198":{"start":{"line":199,"column":0},"end":{"line":199,"column":17}},"203":{"start":{"line":204,"column":0},"end":{"line":204,"column":94}},"204":{"start":{"line":205,"column":0},"end":{"line":205,"column":13}},"205":{"start":{"line":206,"column":0},"end":{"line":206,"column":22}},"206":{"start":{"line":207,"column":0},"end":{"line":207,"column":27}},"207":{"start":{"line":208,"column":0},"end":{"line":208,"column":19}},"210":{"start":{"line":211,"column":0},"end":{"line":211,"column":10}},"211":{"start":{"line":212,"column":0},"end":{"line":212,"column":12}},"213":{"start":{"line":214,"column":0},"end":{"line":214,"column":22}},"214":{"start":{"line":215,"column":0},"end":{"line":215,"column":36}},"215":{"start":{"line":216,"column":0},"end":{"line":216,"column":72}},"216":{"start":{"line":217,"column":0},"end":{"line":217,"column":23}},"217":{"start":{"line":218,"column":0},"end":{"line":218,"column":24}},"218":{"start":{"line":219,"column":0},"end":{"line":219,"column":33}},"219":{"start":{"line":220,"column":0},"end":{"line":220,"column":64}},"220":{"start":{"line":221,"column":0},"end":{"line":221,"column":50}},"221":{"start":{"line":222,"column":0},"end":{"line":222,"column":47}},"222":{"start":{"line":223,"column":0},"end":{"line":223,"column":12}},"223":{"start":{"line":224,"column":0},"end":{"line":224,"column":19}},"224":{"start":{"line":225,"column":0},"end":{"line":225,"column":12}},"225":{"start":{"line":226,"column":0},"end":{"line":226,"column":15}},"226":{"start":{"line":227,"column":0},"end":{"line":227,"column":8}}},"s":{"1":1,"2":1,"3":1,"4":1,"9":1,"10":1,"11":1,"12":1,"13":1,"14":1,"16":1,"38":1,"39":1,"40":1,"41":1,"43":1,"45":1,"47":1,"48":1,"49":1,"50":1,"52":1,"54":1,"57":1,"58":1,"59":1,"60":1,"65":1,"66":1,"67":1,"68":1,"69":10,"71":10,"72":2,"73":2,"76":2,"77":1,"78":1,"79":1,"80":1,"81":2,"83":10,"86":10,"88":8,"90":8,"92":8,"93":8,"94":10,"96":2,"97":2,"100":2,"102":2,"104":2,"105":2,"106":10,"107":1,"112":1,"113":1,"114":1,"115":1,"116":8,"117":2,"118":2,"119":8,"120":6,"121":6,"122":6,"123":8,"124":8,"125":1,"128":1,"130":10,"131":10,"132":10,"133":10,"134":10,"135":10,"136":1,"139":1,"140":8,"141":6,"142":6,"143":6,"144":6,"145":6,"146":6,"148":2,"149":2,"151":2,"152":2,"153":0,"154":0,"155":8,"156":8,"157":8,"158":1,"163":1,"164":1,"165":1,"166":9,"167":9,"168":9,"169":9,"170":9,"172":9,"173":9,"174":1,"175":8,"176":1,"177":1,"178":1,"179":1,"180":1,"181":1,"182":1,"183":1,"184":1,"185":1,"186":1,"187":1,"188":1,"189":1,"190":1,"191":1,"192":1,"193":1,"195":1,"196":1,"197":1,"198":1,"203":1,"204":1,"205":1,"206":1,"207":1,"210":1,"211":1,"213":1,"214":1,"215":1,"216":1,"217":1,"218":1,"219":1,"220":1,"221":1,"222":1,"223":1,"224":1,"225":1,"226":1},"branchMap":{"0":{"type":"branch","line":69,"loc":{"start":{"line":69,"column":13},"end":{"line":107,"column":3}},"locations":[{"start":{"line":69,"column":13},"end":{"line":107,"column":3}}]},"1":{"type":"branch","line":72,"loc":{"start":{"line":72,"column":29},"end":{"line":82,"column":5}},"locations":[{"start":{"line":72,"column":29},"end":{"line":82,"column":5}}]},"2":{"type":"branch","line":77,"loc":{"start":{"line":77,"column":33},"end":{"line":81,"column":7}},"locations":[{"start":{"line":77,"column":33},"end":{"line":81,"column":7}}]},"3":{"type":"branch","line":87,"loc":{"start":{"line":87,"column":47},"end":{"line":95,"column":11}},"locations":[{"start":{"line":87,"column":47},"end":{"line":95,"column":11}}]},"4":{"type":"branch","line":95,"loc":{"start":{"line":95,"column":4},"end":{"line":106,"column":5}},"locations":[{"start":{"line":95,"column":4},"end":{"line":106,"column":5}}]},"5":{"type":"branch","line":91,"loc":{"start":{"line":91,"column":47},"end":{"line":91,"column":74}},"locations":[{"start":{"line":91,"column":47},"end":{"line":91,"column":74}}]},"6":{"type":"branch","line":93,"loc":{"start":{"line":93,"column":47},"end":{"line":93,"column":74}},"locations":[{"start":{"line":93,"column":47},"end":{"line":93,"column":74}}]},"7":{"type":"branch","line":105,"loc":{"start":{"line":105,"column":45},"end":{"line":105,"column":72}},"locations":[{"start":{"line":105,"column":45},"end":{"line":105,"column":72}}]},"8":{"type":"branch","line":116,"loc":{"start":{"line":116,"column":13},"end":{"line":125,"column":3}},"locations":[{"start":{"line":116,"column":13},"end":{"line":125,"column":3}}]},"9":{"type":"branch","line":117,"loc":{"start":{"line":117,"column":25},"end":{"line":120,"column":15}},"locations":[{"start":{"line":117,"column":25},"end":{"line":120,"column":15}}]},"10":{"type":"branch","line":120,"loc":{"start":{"line":120,"column":4},"end":{"line":123,"column":5}},"locations":[{"start":{"line":120,"column":4},"end":{"line":123,"column":5}}]},"11":{"type":"branch","line":129,"loc":{"start":{"line":129,"column":34},"end":{"line":137,"column":1}},"locations":[{"start":{"line":129,"column":34},"end":{"line":137,"column":1}}]},"12":{"type":"branch","line":134,"loc":{"start":{"line":134,"column":37},"end":{"line":134,"column":70}},"locations":[{"start":{"line":134,"column":37},"end":{"line":134,"column":70}}]},"13":{"type":"branch","line":135,"loc":{"start":{"line":135,"column":37},"end":{"line":135,"column":70}},"locations":[{"start":{"line":135,"column":37},"end":{"line":135,"column":70}}]},"14":{"type":"branch","line":140,"loc":{"start":{"line":140,"column":35},"end":{"line":159,"column":1}},"locations":[{"start":{"line":140,"column":35},"end":{"line":159,"column":1}}]},"15":{"type":"branch","line":141,"loc":{"start":{"line":141,"column":21},"end":{"line":141,"column":51}},"locations":[{"start":{"line":141,"column":21},"end":{"line":141,"column":51}}]},"16":{"type":"branch","line":141,"loc":{"start":{"line":141,"column":51},"end":{"line":147,"column":3}},"locations":[{"start":{"line":141,"column":51},"end":{"line":147,"column":3}}]},"17":{"type":"branch","line":144,"loc":{"start":{"line":144,"column":33},"end":{"line":144,"column":44}},"locations":[{"start":{"line":144,"column":33},"end":{"line":144,"column":44}}]},"18":{"type":"branch","line":147,"loc":{"start":{"line":147,"column":2},"end":{"line":153,"column":64}},"locations":[{"start":{"line":147,"column":2},"end":{"line":153,"column":64}}]},"19":{"type":"branch","line":153,"loc":{"start":{"line":153,"column":60},"end":{"line":155,"column":33}},"locations":[{"start":{"line":153,"column":60},"end":{"line":155,"column":33}}]},"20":{"type":"branch","line":166,"loc":{"start":{"line":166,"column":25},"end":{"line":166,"column":62}},"locations":[{"start":{"line":166,"column":25},"end":{"line":166,"column":62}}]},"21":{"type":"branch","line":166,"loc":{"start":{"line":166,"column":48},"end":{"line":174,"column":21}},"locations":[{"start":{"line":166,"column":48},"end":{"line":174,"column":21}}]},"22":{"type":"branch","line":175,"loc":{"start":{"line":175,"column":6},"end":{"line":176,"column":25}},"locations":[{"start":{"line":175,"column":6},"end":{"line":176,"column":25}}]},"23":{"type":"branch","line":204,"loc":{"start":{"line":204,"column":73},"end":{"line":204,"column":94}},"locations":[{"start":{"line":204,"column":73},"end":{"line":204,"column":94}}]}},"b":{"0":[10],"1":[2],"2":[1],"3":[8],"4":[2],"5":[12],"6":[12],"7":[1],"8":[8],"9":[2],"10":[6],"11":[10],"12":[23],"13":[22],"14":[8],"15":[2],"16":[6],"17":[0],"18":[2],"19":[0],"20":[10],"21":[9],"22":[8],"23":[0]},"fnMap":{"0":{"name":"onMessage","decl":{"start":{"line":69,"column":13},"end":{"line":107,"column":3}},"loc":{"start":{"line":69,"column":13},"end":{"line":107,"column":3}},"line":69},"1":{"name":"onMessage","decl":{"start":{"line":116,"column":13},"end":{"line":125,"column":3}},"loc":{"start":{"line":116,"column":13},"end":{"line":125,"column":3}},"line":116}},"f":{"0":10,"1":8}}
,"/Users/steven/Desktop/side project/order-book/src/main.ts": {"path":"/Users/steven/Desktop/side project/order-book/src/main.ts","all":true,"statementMap":{"0":{"start":{"line":1,"column":0},"end":{"line":1,"column":31}},"1":{"start":{"line":2,"column":0},"end":{"line":2,"column":35}},"2":{"start":{"line":3,"column":0},"end":{"line":3,"column":39}},"3":{"start":{"line":4,"column":0},"end":{"line":4,"column":0}},"4":{"start":{"line":5,"column":0},"end":{"line":5,"column":34}}},"s":{"0":0,"1":0,"2":0,"3":0,"4":0},"branchMap":{"0":{"type":"branch","line":1,"loc":{"start":{"line":1,"column":0},"end":{"line":5,"column":34}},"locations":[{"start":{"line":1,"column":0},"end":{"line":5,"column":34}}]}},"b":{"0":[0]},"fnMap":{"0":{"name":"(empty-report)","decl":{"start":{"line":1,"column":0},"end":{"line":5,"column":34}},"loc":{"start":{"line":1,"column":0},"end":{"line":5,"column":34}},"line":1}},"f":{"0":0}}
,"/Users/steven/Desktop/side project/order-book/src/components/UI/Loading.vue": {"path":"/Users/steven/Desktop/side project/order-book/src/components/UI/Loading.vue","all":false,"statementMap":{"1":{"start":{"line":2,"column":0},"end":{"line":2,"column":57}},"2":{"start":{"line":3,"column":0},"end":{"line":3,"column":33}},"3":{"start":{"line":4,"column":0},"end":{"line":4,"column":27}},"4":{"start":{"line":5,"column":0},"end":{"line":5,"column":41}},"5":{"start":{"line":6,"column":0},"end":{"line":6,"column":12}},"6":{"start":{"line":7,"column":0},"end":{"line":7,"column":10}},"7":{"start":{"line":8,"column":0},"end":{"line":8,"column":58}},"8":{"start":{"line":9,"column":0},"end":{"line":9,"column":8}},"12":{"start":{"line":13,"column":0},"end":{"line":13,"column":67}}},"s":{"1":1,"2":1,"3":1,"4":1,"5":1,"6":1,"7":1,"8":1,"12":1},"branchMap":{"0":{"type":"branch","line":8,"loc":{"start":{"line":8,"column":15},"end":{"line":8,"column":58}},"locations":[{"start":{"line":8,"column":15},"end":{"line":8,"column":58}}]},"1":{"type":"branch","line":8,"loc":{"start":{"line":8,"column":49},"end":{"line":8,"column":58}},"locations":[{"start":{"line":8,"column":49},"end":{"line":8,"column":58}}]}},"b":{"0":[1],"1":[4]},"fnMap":{},"f":{}}
,"/Users/steven/Desktop/side project/order-book/src/components/UI/OrderBookRow.vue": {"path":"/Users/steven/Desktop/side project/order-book/src/components/UI/OrderBookRow.vue","all":false,"statementMap":{"1":{"start":{"line":2,"column":0},"end":{"line":2,"column":60}},"2":{"start":{"line":3,"column":0},"end":{"line":3,"column":65}},"3":{"start":{"line":4,"column":0},"end":{"line":4,"column":30}},"5":{"start":{"line":6,"column":0},"end":{"line":6,"column":75}},"13":{"start":{"line":14,"column":0},"end":{"line":14,"column":27}},"21":{"start":{"line":22,"column":0},"end":{"line":22,"column":42}},"22":{"start":{"line":23,"column":0},"end":{"line":23,"column":90}},"23":{"start":{"line":24,"column":0},"end":{"line":24,"column":10}},"24":{"start":{"line":25,"column":0},"end":{"line":25,"column":30}},"25":{"start":{"line":26,"column":0},"end":{"line":26,"column":38}},"26":{"start":{"line":27,"column":0},"end":{"line":27,"column":71}},"27":{"start":{"line":28,"column":0},"end":{"line":28,"column":94}},"28":{"start":{"line":29,"column":0},"end":{"line":29,"column":8}},"29":{"start":{"line":30,"column":0},"end":{"line":30,"column":3}},"30":{"start":{"line":31,"column":0},"end":{"line":31,"column":2}},"34":{"start":{"line":35,"column":0},"end":{"line":35,"column":6}},"35":{"start":{"line":36,"column":0},"end":{"line":36,"column":26}},"36":{"start":{"line":37,"column":0},"end":{"line":37,"column":111}},"37":{"start":{"line":38,"column":0},"end":{"line":38,"column":13}},"41":{"start":{"line":42,"column":0},"end":{"line":42,"column":39}},"42":{"start":{"line":43,"column":0},"end":{"line":43,"column":37}},"43":{"start":{"line":44,"column":0},"end":{"line":44,"column":10}},"44":{"start":{"line":45,"column":0},"end":{"line":45,"column":8}},"45":{"start":{"line":46,"column":0},"end":{"line":46,"column":34}},"46":{"start":{"line":47,"column":0},"end":{"line":47,"column":15}},"52":{"start":{"line":53,"column":0},"end":{"line":53,"column":36}},"53":{"start":{"line":54,"column":0},"end":{"line":54,"column":10}},"54":{"start":{"line":55,"column":0},"end":{"line":55,"column":39}},"55":{"start":{"line":56,"column":0},"end":{"line":56,"column":10}},"56":{"start":{"line":57,"column":0},"end":{"line":57,"column":41}},"57":{"start":{"line":58,"column":0},"end":{"line":58,"column":17}},"66":{"start":{"line":67,"column":0},"end":{"line":67,"column":13}},"67":{"start":{"line":68,"column":0},"end":{"line":68,"column":50}},"68":{"start":{"line":69,"column":0},"end":{"line":69,"column":39}},"69":{"start":{"line":70,"column":0},"end":{"line":70,"column":12}},"70":{"start":{"line":71,"column":0},"end":{"line":71,"column":10}},"71":{"start":{"line":72,"column":0},"end":{"line":72,"column":8}}},"s":{"1":1,"2":1,"3":1,"5":1,"13":1,"21":1,"22":9,"23":9,"24":9,"25":9,"26":4,"27":3,"28":5,"29":9,"30":1,"34":1,"35":1,"36":1,"37":1,"41":1,"42":1,"43":1,"44":1,"45":1,"46":1,"52":1,"53":1,"54":1,"55":1,"56":1,"57":1,"66":1,"67":1,"68":1,"69":1,"70":1,"71":1},"branchMap":{"0":{"type":"branch","line":22,"loc":{"start":{"line":22,"column":35},"end":{"line":31,"column":1}},"locations":[{"start":{"line":22,"column":35},"end":{"line":31,"column":1}}]},"1":{"type":"branch","line":26,"loc":{"start":{"line":26,"column":22},"end":{"line":28,"column":94}},"locations":[{"start":{"line":26,"column":22},"end":{"line":28,"column":94}}]},"2":{"type":"branch","line":27,"loc":{"start":{"line":27,"column":40},"end":{"line":27,"column":71}},"locations":[{"start":{"line":27,"column":40},"end":{"line":27,"column":71}}]},"3":{"type":"branch","line":27,"loc":{"start":{"line":27,"column":64},"end":{"line":28,"column":94}},"locations":[{"start":{"line":27,"column":64},"end":{"line":28,"column":94}}]},"4":{"type":"branch","line":28,"loc":{"start":{"line":28,"column":40},"end":{"line":28,"column":69}},"locations":[{"start":{"line":28,"column":40},"end":{"line":28,"column":69}}]},"5":{"type":"branch","line":28,"loc":{"start":{"line":28,"column":64},"end":{"line":28,"column":94}},"locations":[{"start":{"line":28,"column":64},"end":{"line":28,"column":94}}]},"6":{"type":"branch","line":28,"loc":{"start":{"line":28,"column":86},"end":{"line":29,"column":8}},"locations":[{"start":{"line":28,"column":86},"end":{"line":29,"column":8}}]},"7":{"type":"branch","line":23,"loc":{"start":{"line":23,"column":53},"end":{"line":23,"column":89}},"locations":[{"start":{"line":23,"column":53},"end":{"line":23,"column":89}}]}},"b":{"0":[9],"1":[4],"2":[1],"3":[3],"4":[1],"5":[2],"6":[5],"7":[4]},"fnMap":{},"f":{}}
,"/Users/steven/Desktop/side project/order-book/src/core/composable/useBTSESocket.ts": {"path":"/Users/steven/Desktop/side project/order-book/src/core/composable/useBTSESocket.ts","all":false,"statementMap":{"1":{"start":{"line":2,"column":0},"end":{"line":2,"column":53}},"9":{"start":{"line":10,"column":0},"end":{"line":10,"column":77}},"10":{"start":{"line":11,"column":0},"end":{"line":11,"column":32}},"11":{"start":{"line":12,"column":0},"end":{"line":12,"column":33}},"13":{"start":{"line":14,"column":0},"end":{"line":14,"column":25}},"14":{"start":{"line":15,"column":0},"end":{"line":15,"column":27}},"16":{"start":{"line":17,"column":0},"end":{"line":17,"column":23}},"17":{"start":{"line":18,"column":0},"end":{"line":18,"column":30}},"18":{"start":{"line":19,"column":0},"end":{"line":19,"column":66}},"19":{"start":{"line":20,"column":0},"end":{"line":20,"column":49}},"20":{"start":{"line":21,"column":0},"end":{"line":21,"column":5}},"22":{"start":{"line":23,"column":0},"end":{"line":23,"column":31}},"23":{"start":{"line":24,"column":0},"end":{"line":24,"column":40}},"24":{"start":{"line":25,"column":0},"end":{"line":25,"column":55}},"25":{"start":{"line":26,"column":0},"end":{"line":26,"column":27}},"26":{"start":{"line":27,"column":0},"end":{"line":27,"column":7}},"27":{"start":{"line":28,"column":0},"end":{"line":28,"column":5}},"29":{"start":{"line":30,"column":0},"end":{"line":30,"column":27}},"30":{"start":{"line":31,"column":0},"end":{"line":31,"column":45}},"31":{"start":{"line":32,"column":0},"end":{"line":32,"column":5}},"32":{"start":{"line":33,"column":0},"end":{"line":33,"column":3}},"34":{"start":{"line":35,"column":0},"end":{"line":35,"column":28}},"35":{"start":{"line":36,"column":0},"end":{"line":36,"column":15}},"36":{"start":{"line":37,"column":0},"end":{"line":37,"column":29}},"37":{"start":{"line":38,"column":0},"end":{"line":38,"column":3}},"39":{"start":{"line":40,"column":0},"end":{"line":40,"column":19}},"40":{"start":{"line":41,"column":0},"end":{"line":41,"column":13}},"41":{"start":{"line":42,"column":0},"end":{"line":42,"column":4}},"43":{"start":{"line":44,"column":0},"end":{"line":44,"column":25}},"44":{"start":{"line":45,"column":0},"end":{"line":45,"column":16}},"45":{"start":{"line":46,"column":0},"end":{"line":46,"column":4}},"47":{"start":{"line":48,"column":0},"end":{"line":48,"column":10}},"48":{"start":{"line":49,"column":0},"end":{"line":49,"column":16}},"49":{"start":{"line":50,"column":0},"end":{"line":50,"column":12}},"50":{"start":{"line":51,"column":0},"end":{"line":51,"column":15}},"51":{"start":{"line":52,"column":0},"end":{"line":52,"column":3}},"52":{"start":{"line":53,"column":0},"end":{"line":53,"column":1}}},"s":{"1":1,"9":1,"10":10,"11":10,"13":10,"14":10,"16":10,"17":4,"18":4,"19":4,"20":4,"22":10,"23":4,"24":4,"25":2,"26":2,"27":4,"29":10,"30":1,"31":1,"32":10,"34":10,"35":1,"36":1,"37":1,"39":10,"40":10,"41":10,"43":10,"44":0,"45":10,"47":10,"48":10,"49":10,"50":10,"51":10,"52":10},"branchMap":{"0":{"type":"branch","line":10,"loc":{"start":{"line":10,"column":7},"end":{"line":53,"column":1}},"locations":[{"start":{"line":10,"column":7},"end":{"line":53,"column":1}}]},"1":{"type":"branch","line":14,"loc":{"start":{"line":14,"column":18},"end":{"line":33,"column":3}},"locations":[{"start":{"line":14,"column":18},"end":{"line":33,"column":3}}]},"2":{"type":"branch","line":17,"loc":{"start":{"line":17,"column":16},"end":{"line":21,"column":5}},"locations":[{"start":{"line":17,"column":16},"end":{"line":21,"column":5}}]},"3":{"type":"branch","line":23,"loc":{"start":{"line":23,"column":19},"end":{"line":28,"column":5}},"locations":[{"start":{"line":23,"column":19},"end":{"line":28,"column":5}}]},"4":{"type":"branch","line":25,"loc":{"start":{"line":25,"column":14},"end":{"line":25,"column":32}},"locations":[{"start":{"line":25,"column":14},"end":{"line":25,"column":32}}]},"5":{"type":"branch","line":25,"loc":{"start":{"line":25,"column":54},"end":{"line":27,"column":7}},"locations":[{"start":{"line":25,"column":54},"end":{"line":27,"column":7}}]},"6":{"type":"branch","line":30,"loc":{"start":{"line":30,"column":17},"end":{"line":32,"column":5}},"locations":[{"start":{"line":30,"column":17},"end":{"line":32,"column":5}}]},"7":{"type":"branch","line":35,"loc":{"start":{"line":35,"column":21},"end":{"line":38,"column":3}},"locations":[{"start":{"line":35,"column":21},"end":{"line":38,"column":3}}]},"8":{"type":"branch","line":40,"loc":{"start":{"line":40,"column":12},"end":{"line":42,"column":3}},"locations":[{"start":{"line":40,"column":12},"end":{"line":42,"column":3}}]}},"b":{"0":[10],"1":[10],"2":[4],"3":[4],"4":[3],"5":[2],"6":[1],"7":[1],"8":[10]},"fnMap":{"0":{"name":"useBTSESocket","decl":{"start":{"line":10,"column":7},"end":{"line":53,"column":1}},"loc":{"start":{"line":10,"column":7},"end":{"line":53,"column":1}},"line":10},"1":{"name":"connect","decl":{"start":{"line":14,"column":18},"end":{"line":33,"column":3}},"loc":{"start":{"line":14,"column":18},"end":{"line":33,"column":3}},"line":14},"2":{"name":"ws.onopen","decl":{"start":{"line":17,"column":16},"end":{"line":21,"column":5}},"loc":{"start":{"line":17,"column":16},"end":{"line":21,"column":5}},"line":17},"3":{"name":"ws.onmessage","decl":{"start":{"line":23,"column":19},"end":{"line":28,"column":5}},"loc":{"start":{"line":23,"column":19},"end":{"line":28,"column":5}},"line":23},"4":{"name":"ws.onerror","decl":{"start":{"line":30,"column":17},"end":{"line":32,"column":5}},"loc":{"start":{"line":30,"column":17},"end":{"line":32,"column":5}},"line":30},"5":{"name":"disconnect","decl":{"start":{"line":35,"column":21},"end":{"line":38,"column":3}},"loc":{"start":{"line":35,"column":21},"end":{"line":38,"column":3}},"line":35}},"f":{"0":10,"1":10,"2":4,"3":4,"4":1,"5":1}}
,"/Users/steven/Desktop/side project/order-book/src/core/enums/order/OrderBookUpdateType.ts": {"path":"/Users/steven/Desktop/side project/order-book/src/core/enums/order/OrderBookUpdateType.ts","all":false,"statementMap":{"0":{"start":{"line":1,"column":0},"end":{"line":1,"column":33}},"1":{"start":{"line":2,"column":0},"end":{"line":2,"column":24}},"2":{"start":{"line":3,"column":0},"end":{"line":3,"column":18}}},"s":{"0":1,"1":1,"2":1},"branchMap":{"0":{"type":"branch","line":1,"loc":{"start":{"line":1,"column":7},"end":{"line":1,"column":33}},"locations":[{"start":{"line":1,"column":7},"end":{"line":1,"column":33}}]}},"b":{"0":[1]},"fnMap":{},"f":{}}
,"/Users/steven/Desktop/side project/order-book/src/core/enums/order/OrderSide.ts": {"path":"/Users/steven/Desktop/side project/order-book/src/core/enums/order/OrderSide.ts","all":false,"statementMap":{"0":{"start":{"line":1,"column":0},"end":{"line":1,"column":23}},"1":{"start":{"line":2,"column":0},"end":{"line":2,"column":14}},"2":{"start":{"line":3,"column":0},"end":{"line":3,"column":16}}},"s":{"0":1,"1":1,"2":1},"branchMap":{"0":{"type":"branch","line":1,"loc":{"start":{"line":1,"column":7},"end":{"line":1,"column":23}},"locations":[{"start":{"line":1,"column":7},"end":{"line":1,"column":23}}]}},"b":{"0":[2]},"fnMap":{},"f":{}}
,"/Users/steven/Desktop/side project/order-book/src/core/enums/system/SizeNameEnum.ts": {"path":"/Users/steven/Desktop/side project/order-book/src/core/enums/system/SizeNameEnum.ts","all":false,"statementMap":{"0":{"start":{"line":1,"column":0},"end":{"line":1,"column":26}},"1":{"start":{"line":2,"column":0},"end":{"line":2,"column":18}},"2":{"start":{"line":3,"column":0},"end":{"line":3,"column":20}},"3":{"start":{"line":4,"column":0},"end":{"line":4,"column":17}}},"s":{"0":1,"1":1,"2":1,"3":1},"branchMap":{"0":{"type":"branch","line":1,"loc":{"start":{"line":1,"column":7},"end":{"line":1,"column":26}},"locations":[{"start":{"line":1,"column":7},"end":{"line":1,"column":26}}]}},"b":{"0":[2]},"fnMap":{},"f":{}}
,"/Users/steven/Desktop/side project/order-book/src/core/enums/system/StatusChangeEnum.ts": {"path":"/Users/steven/Desktop/side project/order-book/src/core/enums/system/StatusChangeEnum.ts","all":false,"statementMap":{"0":{"start":{"line":1,"column":0},"end":{"line":1,"column":30}},"1":{"start":{"line":2,"column":0},"end":{"line":2,"column":12}},"2":{"start":{"line":3,"column":0},"end":{"line":3,"column":16}},"3":{"start":{"line":4,"column":0},"end":{"line":4,"column":15}}},"s":{"0":1,"1":1,"2":1,"3":1},"branchMap":{"0":{"type":"branch","line":1,"loc":{"start":{"line":1,"column":7},"end":{"line":1,"column":30}},"locations":[{"start":{"line":1,"column":7},"end":{"line":1,"column":30}}]}},"b":{"0":[2]},"fnMap":{},"f":{}}
,"/Users/steven/Desktop/side project/order-book/src/core/services/commonServices.ts": {"path":"/Users/steven/Desktop/side project/order-book/src/core/services/commonServices.ts","all":false,"statementMap":{"6":{"start":{"line":7,"column":0},"end":{"line":7,"column":75}},"7":{"start":{"line":8,"column":0},"end":{"line":8,"column":40}},"8":{"start":{"line":9,"column":0},"end":{"line":9,"column":36}},"9":{"start":{"line":10,"column":0},"end":{"line":10,"column":35}},"10":{"start":{"line":11,"column":0},"end":{"line":11,"column":5}},"11":{"start":{"line":12,"column":0},"end":{"line":12,"column":1}}},"s":{"6":1,"7":46,"8":46,"9":46,"10":46,"11":46},"branchMap":{"0":{"type":"branch","line":7,"loc":{"start":{"line":7,"column":7},"end":{"line":12,"column":1}},"locations":[{"start":{"line":7,"column":7},"end":{"line":12,"column":1}}]}},"b":{"0":[46]},"fnMap":{"0":{"name":"formatNumber","decl":{"start":{"line":7,"column":7},"end":{"line":12,"column":1}},"loc":{"start":{"line":7,"column":7},"end":{"line":12,"column":1}},"line":7}},"f":{"0":46}}
,"/Users/steven/Desktop/side project/order-book/src/core/services/orderBookServices.ts": {"path":"/Users/steven/Desktop/side project/order-book/src/core/services/orderBookServices.ts","all":false,"statementMap":{"17":{"start":{"line":18,"column":0},"end":{"line":18,"column":85}},"18":{"start":{"line":19,"column":0},"end":{"line":19,"column":47}},"19":{"start":{"line":20,"column":0},"end":{"line":20,"column":39}},"20":{"start":{"line":21,"column":0},"end":{"line":21,"column":37}},"23":{"start":{"line":24,"column":0},"end":{"line":24,"column":12}},"24":{"start":{"line":25,"column":0},"end":{"line":25,"column":12}},"25":{"start":{"line":26,"column":0},"end":{"line":26,"column":11}},"26":{"start":{"line":27,"column":0},"end":{"line":27,"column":17}},"27":{"start":{"line":28,"column":0},"end":{"line":28,"column":6}},"28":{"start":{"line":29,"column":0},"end":{"line":29,"column":5}},"29":{"start":{"line":30,"column":0},"end":{"line":30,"column":1}},"37":{"start":{"line":38,"column":0},"end":{"line":38,"column":36}},"38":{"start":{"line":39,"column":0},"end":{"line":39,"column":33}},"39":{"start":{"line":40,"column":0},"end":{"line":40,"column":32}},"40":{"start":{"line":41,"column":0},"end":{"line":41,"column":21}},"42":{"start":{"line":43,"column":0},"end":{"line":43,"column":53}},"45":{"start":{"line":46,"column":0},"end":{"line":46,"column":33}},"46":{"start":{"line":47,"column":0},"end":{"line":47,"column":44}},"47":{"start":{"line":48,"column":0},"end":{"line":48,"column":5}},"50":{"start":{"line":51,"column":0},"end":{"line":51,"column":47}},"51":{"start":{"line":52,"column":0},"end":{"line":52,"column":39}},"52":{"start":{"line":53,"column":0},"end":{"line":53,"column":37}},"54":{"start":{"line":55,"column":0},"end":{"line":55,"column":21}},"56":{"start":{"line":57,"column":0},"end":{"line":57,"column":29}},"57":{"start":{"line":58,"column":0},"end":{"line":58,"column":12}},"59":{"start":{"line":60,"column":0},"end":{"line":60,"column":48}},"61":{"start":{"line":62,"column":0},"end":{"line":62,"column":26}},"63":{"start":{"line":64,"column":0},"end":{"line":64,"column":29}},"64":{"start":{"line":65,"column":0},"end":{"line":65,"column":16}},"65":{"start":{"line":66,"column":0},"end":{"line":66,"column":15}},"66":{"start":{"line":67,"column":0},"end":{"line":67,"column":65}},"67":{"start":{"line":68,"column":0},"end":{"line":68,"column":11}},"68":{"start":{"line":69,"column":0},"end":{"line":69,"column":14}},"70":{"start":{"line":71,"column":0},"end":{"line":71,"column":29}},"71":{"start":{"line":72,"column":0},"end":{"line":72,"column":16}},"72":{"start":{"line":73,"column":0},"end":{"line":73,"column":15}},"73":{"start":{"line":74,"column":0},"end":{"line":74,"column":21}},"74":{"start":{"line":75,"column":0},"end":{"line":75,"column":11}},"75":{"start":{"line":76,"column":0},"end":{"line":76,"column":7}},"76":{"start":{"line":77,"column":0},"end":{"line":77,"column":5}},"77":{"start":{"line":78,"column":0},"end":{"line":78,"column":5}},"80":{"start":{"line":81,"column":0},"end":{"line":81,"column":52}},"82":{"start":{"line":83,"column":0},"end":{"line":83,"column":21}},"83":{"start":{"line":84,"column":0},"end":{"line":84,"column":1}},"91":{"start":{"line":92,"column":0},"end":{"line":92,"column":36}},"92":{"start":{"line":93,"column":0},"end":{"line":93,"column":30}},"93":{"start":{"line":94,"column":0},"end":{"line":94,"column":12}},"97":{"start":{"line":98,"column":0},"end":{"line":98,"column":18}},"98":{"start":{"line":99,"column":0},"end":{"line":99,"column":10}},"99":{"start":{"line":100,"column":0},"end":{"line":100,"column":63}},"100":{"start":{"line":101,"column":0},"end":{"line":101,"column":62}},"101":{"start":{"line":102,"column":0},"end":{"line":102,"column":4}},"102":{"start":{"line":103,"column":0},"end":{"line":103,"column":1}},"109":{"start":{"line":110,"column":0},"end":{"line":110,"column":44}},"112":{"start":{"line":113,"column":0},"end":{"line":113,"column":19}},"113":{"start":{"line":114,"column":0},"end":{"line":114,"column":10}},"114":{"start":{"line":115,"column":0},"end":{"line":115,"column":42}},"115":{"start":{"line":116,"column":0},"end":{"line":116,"column":41}},"116":{"start":{"line":117,"column":0},"end":{"line":117,"column":4}},"117":{"start":{"line":118,"column":0},"end":{"line":118,"column":1}}},"s":{"17":1,"18":33,"19":66,"20":66,"23":66,"24":66,"25":66,"26":66,"27":66,"28":33,"29":33,"37":1,"38":19,"39":19,"40":19,"42":19,"45":19,"46":22,"47":19,"50":19,"51":23,"52":23,"54":23,"56":3,"57":23,"59":20,"61":20,"63":11,"64":11,"65":11,"66":11,"67":11,"68":20,"70":9,"71":9,"72":9,"73":9,"74":9,"75":9,"76":20,"77":19,"80":19,"82":19,"83":19,"91":1,"92":6,"93":6,"97":6,"98":6,"99":6,"100":6,"101":6,"102":6,"109":1,"112":13,"113":13,"114":13,"115":13,"116":13,"117":13},"branchMap":{"0":{"type":"branch","line":18,"loc":{"start":{"line":18,"column":7},"end":{"line":30,"column":1}},"locations":[{"start":{"line":18,"column":7},"end":{"line":30,"column":1}}]},"1":{"type":"branch","line":19,"loc":{"start":{"line":19,"column":21},"end":{"line":29,"column":3}},"locations":[{"start":{"line":19,"column":21},"end":{"line":29,"column":3}}]},"2":{"type":"branch","line":38,"loc":{"start":{"line":38,"column":7},"end":{"line":84,"column":1}},"locations":[{"start":{"line":38,"column":7},"end":{"line":84,"column":1}}]},"3":{"type":"branch","line":46,"loc":{"start":{"line":46,"column":23},"end":{"line":48,"column":3}},"locations":[{"start":{"line":46,"column":23},"end":{"line":48,"column":3}}]},"4":{"type":"branch","line":51,"loc":{"start":{"line":51,"column":21},"end":{"line":78,"column":3}},"locations":[{"start":{"line":51,"column":21},"end":{"line":78,"column":3}}]},"5":{"type":"branch","line":55,"loc":{"start":{"line":55,"column":20},"end":{"line":58,"column":11}},"locations":[{"start":{"line":55,"column":20},"end":{"line":58,"column":11}}]},"6":{"type":"branch","line":58,"loc":{"start":{"line":58,"column":4},"end":{"line":77,"column":5}},"locations":[{"start":{"line":58,"column":4},"end":{"line":77,"column":5}}]},"7":{"type":"branch","line":62,"loc":{"start":{"line":62,"column":25},"end":{"line":69,"column":13}},"locations":[{"start":{"line":62,"column":25},"end":{"line":69,"column":13}}]},"8":{"type":"branch","line":69,"loc":{"start":{"line":69,"column":6},"end":{"line":76,"column":7}},"locations":[{"start":{"line":69,"column":6},"end":{"line":76,"column":7}}]},"9":{"type":"branch","line":92,"loc":{"start":{"line":92,"column":7},"end":{"line":103,"column":1}},"locations":[{"start":{"line":92,"column":7},"end":{"line":103,"column":1}}]},"10":{"type":"branch","line":110,"loc":{"start":{"line":110,"column":7},"end":{"line":118,"column":1}},"locations":[{"start":{"line":110,"column":7},"end":{"line":118,"column":1}}]}},"b":{"0":[33],"1":[66],"2":[19],"3":[22],"4":[23],"5":[3],"6":[20],"7":[11],"8":[9],"9":[6],"10":[13]},"fnMap":{"0":{"name":"processOrderBookData","decl":{"start":{"line":18,"column":7},"end":{"line":30,"column":1}},"loc":{"start":{"line":18,"column":7},"end":{"line":30,"column":1}},"line":18},"1":{"name":"updateOrderBookData","decl":{"start":{"line":38,"column":7},"end":{"line":84,"column":1}},"loc":{"start":{"line":38,"column":7},"end":{"line":84,"column":1}},"line":38},"2":{"name":"updateFullOrderBook","decl":{"start":{"line":92,"column":7},"end":{"line":103,"column":1}},"loc":{"start":{"line":92,"column":7},"end":{"line":103,"column":1}},"line":92},"3":{"name":"processFullOrderBook","decl":{"start":{"line":110,"column":7},"end":{"line":118,"column":1}},"loc":{"start":{"line":110,"column":7},"end":{"line":118,"column":1}},"line":110}},"f":{"0":33,"1":19,"2":6,"3":13}}
}
