{"/Users/steven/Desktop/side project/order-book/src/OrderBook.vue": {"path":"/Users/steven/Desktop/side project/order-book/src/OrderBook.vue","all":false,"statementMap":{"1":{"start":{"line":2,"column":0},"end":{"line":2,"column":58}},"2":{"start":{"line":3,"column":0},"end":{"line":3,"column":56}},"3":{"start":{"line":4,"column":0},"end":{"line":4,"column":59}},"4":{"start":{"line":5,"column":0},"end":{"line":5,"column":49}},"5":{"start":{"line":6,"column":0},"end":{"line":6,"column":49}},"6":{"start":{"line":7,"column":0},"end":{"line":7,"column":61}},"7":{"start":{"line":8,"column":0},"end":{"line":8,"column":71}},"8":{"start":{"line":9,"column":0},"end":{"line":9,"column":63}},"9":{"start":{"line":10,"column":0},"end":{"line":10,"column":61}},"10":{"start":{"line":11,"column":0},"end":{"line":11,"column":67}},"13":{"start":{"line":14,"column":0},"end":{"line":14,"column":7}},"15":{"start":{"line":16,"column":0},"end":{"line":16,"column":30}},"17":{"start":{"line":18,"column":0},"end":{"line":18,"column":19}},"19":{"start":{"line":20,"column":0},"end":{"line":20,"column":29}},"21":{"start":{"line":22,"column":0},"end":{"line":22,"column":19}},"23":{"start":{"line":24,"column":0},"end":{"line":24,"column":21}},"24":{"start":{"line":25,"column":0},"end":{"line":25,"column":18}},"27":{"start":{"line":28,"column":0},"end":{"line":28,"column":7}},"29":{"start":{"line":30,"column":0},"end":{"line":30,"column":26}},"31":{"start":{"line":32,"column":0},"end":{"line":32,"column":20}},"33":{"start":{"line":34,"column":0},"end":{"line":34,"column":22}},"35":{"start":{"line":36,"column":0},"end":{"line":36,"column":24}},"36":{"start":{"line":37,"column":0},"end":{"line":37,"column":21}},"39":{"start":{"line":40,"column":0},"end":{"line":40,"column":78}},"42":{"start":{"line":43,"column":0},"end":{"line":43,"column":17}},"43":{"start":{"line":44,"column":0},"end":{"line":44,"column":20}},"44":{"start":{"line":45,"column":0},"end":{"line":45,"column":23}},"45":{"start":{"line":46,"column":0},"end":{"line":46,"column":2}},"48":{"start":{"line":49,"column":0},"end":{"line":49,"column":23}},"49":{"start":{"line":50,"column":0},"end":{"line":50,"column":23}},"50":{"start":{"line":51,"column":0},"end":{"line":51,"column":26}},"51":{"start":{"line":52,"column":0},"end":{"line":52,"column":2}},"55":{"start":{"line":56,"column":0},"end":{"line":56,"column":26}},"56":{"start":{"line":57,"column":0},"end":{"line":57,"column":19}},"57":{"start":{"line":58,"column":0},"end":{"line":58,"column":35}},"58":{"start":{"line":59,"column":0},"end":{"line":59,"column":15}},"59":{"start":{"line":60,"column":0},"end":{"line":60,"column":87}},"60":{"start":{"line":61,"column":0},"end":{"line":61,"column":34}},"61":{"start":{"line":62,"column":0},"end":{"line":62,"column":8}},"62":{"start":{"line":63,"column":0},"end":{"line":63,"column":10}},"64":{"start":{"line":65,"column":0},"end":{"line":65,"column":19}},"65":{"start":{"line":66,"column":0},"end":{"line":66,"column":21}},"66":{"start":{"line":67,"column":0},"end":{"line":67,"column":17}},"67":{"start":{"line":68,"column":0},"end":{"line":68,"column":25}},"68":{"start":{"line":69,"column":0},"end":{"line":69,"column":17}},"69":{"start":{"line":70,"column":0},"end":{"line":70,"column":38}},"70":{"start":{"line":71,"column":0},"end":{"line":71,"column":30}},"71":{"start":{"line":72,"column":0},"end":{"line":72,"column":23}},"72":{"start":{"line":73,"column":0},"end":{"line":73,"column":24}},"73":{"start":{"line":74,"column":0},"end":{"line":74,"column":12}},"74":{"start":{"line":75,"column":0},"end":{"line":75,"column":19}},"75":{"start":{"line":76,"column":0},"end":{"line":76,"column":36}},"76":{"start":{"line":77,"column":0},"end":{"line":77,"column":72}},"77":{"start":{"line":78,"column":0},"end":{"line":78,"column":23}},"78":{"start":{"line":79,"column":0},"end":{"line":79,"column":24}},"79":{"start":{"line":80,"column":0},"end":{"line":80,"column":34}},"80":{"start":{"line":81,"column":0},"end":{"line":81,"column":64}},"81":{"start":{"line":82,"column":0},"end":{"line":82,"column":50}},"82":{"start":{"line":83,"column":0},"end":{"line":83,"column":47}},"83":{"start":{"line":84,"column":0},"end":{"line":84,"column":12}},"84":{"start":{"line":85,"column":0},"end":{"line":85,"column":19}},"85":{"start":{"line":86,"column":0},"end":{"line":86,"column":12}},"87":{"start":{"line":88,"column":0},"end":{"line":88,"column":25}},"88":{"start":{"line":89,"column":0},"end":{"line":89,"column":10}},"89":{"start":{"line":90,"column":0},"end":{"line":90,"column":38}},"90":{"start":{"line":91,"column":0},"end":{"line":91,"column":17}},"95":{"start":{"line":96,"column":0},"end":{"line":96,"column":94}},"96":{"start":{"line":97,"column":0},"end":{"line":97,"column":25}},"97":{"start":{"line":98,"column":0},"end":{"line":98,"column":13}},"98":{"start":{"line":99,"column":0},"end":{"line":99,"column":22}},"99":{"start":{"line":100,"column":0},"end":{"line":100,"column":27}},"100":{"start":{"line":101,"column":0},"end":{"line":101,"column":19}},"103":{"start":{"line":104,"column":0},"end":{"line":104,"column":10}},"104":{"start":{"line":105,"column":0},"end":{"line":105,"column":12}},"106":{"start":{"line":107,"column":0},"end":{"line":107,"column":19}},"107":{"start":{"line":108,"column":0},"end":{"line":108,"column":36}},"108":{"start":{"line":109,"column":0},"end":{"line":109,"column":72}},"109":{"start":{"line":110,"column":0},"end":{"line":110,"column":23}},"110":{"start":{"line":111,"column":0},"end":{"line":111,"column":24}},"111":{"start":{"line":112,"column":0},"end":{"line":112,"column":33}},"112":{"start":{"line":113,"column":0},"end":{"line":113,"column":64}},"113":{"start":{"line":114,"column":0},"end":{"line":114,"column":50}},"114":{"start":{"line":115,"column":0},"end":{"line":115,"column":47}},"115":{"start":{"line":116,"column":0},"end":{"line":116,"column":12}},"116":{"start":{"line":117,"column":0},"end":{"line":117,"column":19}},"117":{"start":{"line":118,"column":0},"end":{"line":118,"column":12}},"118":{"start":{"line":119,"column":0},"end":{"line":119,"column":15}},"119":{"start":{"line":120,"column":0},"end":{"line":120,"column":8}}},"s":{"1":1,"2":1,"3":1,"4":1,"5":1,"6":1,"7":1,"8":1,"9":1,"10":1,"13":1,"15":1,"17":1,"19":1,"21":1,"23":1,"24":1,"27":1,"29":1,"31":1,"33":1,"35":1,"36":1,"39":1,"42":1,"43":11,"44":11,"45":1,"48":1,"49":1,"50":1,"51":1,"55":1,"56":1,"57":1,"58":3,"59":3,"60":3,"61":3,"62":3,"64":3,"65":3,"66":1,"67":1,"68":1,"69":1,"70":1,"71":1,"72":1,"73":1,"74":1,"75":1,"76":1,"77":1,"78":1,"79":1,"80":1,"81":1,"82":1,"83":1,"84":1,"85":1,"87":1,"88":1,"89":1,"90":1,"95":1,"96":1,"97":1,"98":1,"99":1,"100":1,"103":1,"104":1,"106":1,"107":1,"108":1,"109":1,"110":1,"111":1,"112":1,"113":1,"114":1,"115":1,"116":1,"117":1,"118":1,"119":1},"branchMap":{"0":{"type":"branch","line":40,"loc":{"start":{"line":40,"column":27},"end":{"line":40,"column":77}},"locations":[{"start":{"line":40,"column":27},"end":{"line":40,"column":77}}]},"1":{"type":"branch","line":40,"loc":{"start":{"line":40,"column":50},"end":{"line":40,"column":77}},"locations":[{"start":{"line":40,"column":50},"end":{"line":40,"column":77}}]},"2":{"type":"branch","line":43,"loc":{"start":{"line":43,"column":10},"end":{"line":46,"column":1}},"locations":[{"start":{"line":43,"column":10},"end":{"line":46,"column":1}}]},"3":{"type":"branch","line":49,"loc":{"start":{"line":49,"column":16},"end":{"line":52,"column":1}},"locations":[{"start":{"line":49,"column":16},"end":{"line":52,"column":1}}]},"4":{"type":"branch","line":58,"loc":{"start":{"line":58,"column":15},"end":{"line":66,"column":21}},"locations":[{"start":{"line":58,"column":15},"end":{"line":66,"column":21}}]},"5":{"type":"branch","line":96,"loc":{"start":{"line":96,"column":73},"end":{"line":96,"column":94}},"locations":[{"start":{"line":96,"column":73},"end":{"line":96,"column":94}}]}},"b":{"0":[11],"1":[8],"2":[11],"3":[1],"4":[3],"5":[0]},"fnMap":{},"f":{}}
,"/Users/steven/Desktop/side project/order-book/src/main.ts": {"path":"/Users/steven/Desktop/side project/order-book/src/main.ts","all":true,"statementMap":{"0":{"start":{"line":1,"column":0},"end":{"line":1,"column":31}},"1":{"start":{"line":2,"column":0},"end":{"line":2,"column":35}},"2":{"start":{"line":3,"column":0},"end":{"line":3,"column":39}},"3":{"start":{"line":4,"column":0},"end":{"line":4,"column":0}},"4":{"start":{"line":5,"column":0},"end":{"line":5,"column":34}}},"s":{"0":0,"1":0,"2":0,"3":0,"4":0},"branchMap":{"0":{"type":"branch","line":1,"loc":{"start":{"line":1,"column":0},"end":{"line":5,"column":34}},"locations":[{"start":{"line":1,"column":0},"end":{"line":5,"column":34}}]}},"b":{"0":[0]},"fnMap":{"0":{"name":"(empty-report)","decl":{"start":{"line":1,"column":0},"end":{"line":5,"column":34}},"loc":{"start":{"line":1,"column":0},"end":{"line":5,"column":34}},"line":1}},"f":{"0":0}}
,"/Users/steven/Desktop/side project/order-book/src/components/UI/Loading.vue": {"path":"/Users/steven/Desktop/side project/order-book/src/components/UI/Loading.vue","all":false,"statementMap":{"1":{"start":{"line":2,"column":0},"end":{"line":2,"column":57}},"2":{"start":{"line":3,"column":0},"end":{"line":3,"column":33}},"3":{"start":{"line":4,"column":0},"end":{"line":4,"column":27}},"4":{"start":{"line":5,"column":0},"end":{"line":5,"column":41}},"5":{"start":{"line":6,"column":0},"end":{"line":6,"column":12}},"6":{"start":{"line":7,"column":0},"end":{"line":7,"column":10}},"7":{"start":{"line":8,"column":0},"end":{"line":8,"column":58}},"8":{"start":{"line":9,"column":0},"end":{"line":9,"column":8}},"12":{"start":{"line":13,"column":0},"end":{"line":13,"column":67}}},"s":{"1":1,"2":1,"3":1,"4":1,"5":1,"6":1,"7":1,"8":1,"12":1},"branchMap":{"0":{"type":"branch","line":8,"loc":{"start":{"line":8,"column":15},"end":{"line":8,"column":58}},"locations":[{"start":{"line":8,"column":15},"end":{"line":8,"column":58}}]},"1":{"type":"branch","line":8,"loc":{"start":{"line":8,"column":49},"end":{"line":8,"column":58}},"locations":[{"start":{"line":8,"column":49},"end":{"line":8,"column":58}}]}},"b":{"0":[1],"1":[4]},"fnMap":{},"f":{}}
,"/Users/steven/Desktop/side project/order-book/src/components/UI/OrderBookRow.vue": {"path":"/Users/steven/Desktop/side project/order-book/src/components/UI/OrderBookRow.vue","all":false,"statementMap":{"1":{"start":{"line":2,"column":0},"end":{"line":2,"column":60}},"2":{"start":{"line":3,"column":0},"end":{"line":3,"column":65}},"3":{"start":{"line":4,"column":0},"end":{"line":4,"column":30}},"5":{"start":{"line":6,"column":0},"end":{"line":6,"column":75}},"18":{"start":{"line":19,"column":0},"end":{"line":19,"column":27}},"30":{"start":{"line":31,"column":0},"end":{"line":31,"column":42}},"31":{"start":{"line":32,"column":0},"end":{"line":32,"column":90}},"32":{"start":{"line":33,"column":0},"end":{"line":33,"column":10}},"33":{"start":{"line":34,"column":0},"end":{"line":34,"column":53}},"34":{"start":{"line":35,"column":0},"end":{"line":35,"column":38}},"35":{"start":{"line":36,"column":0},"end":{"line":36,"column":71}},"36":{"start":{"line":37,"column":0},"end":{"line":37,"column":94}},"37":{"start":{"line":38,"column":0},"end":{"line":38,"column":8}},"38":{"start":{"line":39,"column":0},"end":{"line":39,"column":3}},"39":{"start":{"line":40,"column":0},"end":{"line":40,"column":2}},"43":{"start":{"line":44,"column":0},"end":{"line":44,"column":17}},"44":{"start":{"line":45,"column":0},"end":{"line":45,"column":6}},"45":{"start":{"line":46,"column":0},"end":{"line":46,"column":26}},"46":{"start":{"line":47,"column":0},"end":{"line":47,"column":14}},"50":{"start":{"line":51,"column":0},"end":{"line":51,"column":13}},"55":{"start":{"line":56,"column":0},"end":{"line":56,"column":16}},"56":{"start":{"line":57,"column":0},"end":{"line":57,"column":39}},"57":{"start":{"line":58,"column":0},"end":{"line":58,"column":37}},"58":{"start":{"line":59,"column":0},"end":{"line":59,"column":10}},"60":{"start":{"line":61,"column":0},"end":{"line":61,"column":31}},"61":{"start":{"line":62,"column":0},"end":{"line":62,"column":8}},"62":{"start":{"line":63,"column":0},"end":{"line":63,"column":34}},"63":{"start":{"line":64,"column":0},"end":{"line":64,"column":15}},"69":{"start":{"line":70,"column":0},"end":{"line":70,"column":36}},"70":{"start":{"line":71,"column":0},"end":{"line":71,"column":10}},"72":{"start":{"line":73,"column":0},"end":{"line":73,"column":16}},"73":{"start":{"line":74,"column":0},"end":{"line":74,"column":39}},"74":{"start":{"line":75,"column":0},"end":{"line":75,"column":39}},"75":{"start":{"line":76,"column":0},"end":{"line":76,"column":10}},"76":{"start":{"line":77,"column":0},"end":{"line":77,"column":41}},"77":{"start":{"line":78,"column":0},"end":{"line":78,"column":17}},"86":{"start":{"line":87,"column":0},"end":{"line":87,"column":13}},"87":{"start":{"line":88,"column":0},"end":{"line":88,"column":19}},"88":{"start":{"line":89,"column":0},"end":{"line":89,"column":50}},"89":{"start":{"line":90,"column":0},"end":{"line":90,"column":39}},"90":{"start":{"line":91,"column":0},"end":{"line":91,"column":12}},"91":{"start":{"line":92,"column":0},"end":{"line":92,"column":10}},"92":{"start":{"line":93,"column":0},"end":{"line":93,"column":8}}},"s":{"1":1,"2":1,"3":1,"5":1,"18":1,"30":1,"31":9,"32":9,"33":9,"34":9,"35":4,"36":3,"37":5,"38":9,"39":1,"43":1,"44":1,"45":1,"46":1,"50":1,"55":1,"56":1,"57":1,"58":1,"60":1,"61":1,"62":1,"63":1,"69":1,"70":1,"72":1,"73":1,"74":1,"75":1,"76":1,"77":1,"86":1,"87":1,"88":1,"89":1,"90":1,"91":1,"92":1},"branchMap":{"0":{"type":"branch","line":31,"loc":{"start":{"line":31,"column":35},"end":{"line":40,"column":1}},"locations":[{"start":{"line":31,"column":35},"end":{"line":40,"column":1}}]},"1":{"type":"branch","line":35,"loc":{"start":{"line":35,"column":22},"end":{"line":37,"column":94}},"locations":[{"start":{"line":35,"column":22},"end":{"line":37,"column":94}}]},"2":{"type":"branch","line":36,"loc":{"start":{"line":36,"column":40},"end":{"line":36,"column":71}},"locations":[{"start":{"line":36,"column":40},"end":{"line":36,"column":71}}]},"3":{"type":"branch","line":36,"loc":{"start":{"line":36,"column":64},"end":{"line":37,"column":94}},"locations":[{"start":{"line":36,"column":64},"end":{"line":37,"column":94}}]},"4":{"type":"branch","line":37,"loc":{"start":{"line":37,"column":40},"end":{"line":37,"column":69}},"locations":[{"start":{"line":37,"column":40},"end":{"line":37,"column":69}}]},"5":{"type":"branch","line":37,"loc":{"start":{"line":37,"column":64},"end":{"line":37,"column":94}},"locations":[{"start":{"line":37,"column":64},"end":{"line":37,"column":94}}]},"6":{"type":"branch","line":37,"loc":{"start":{"line":37,"column":86},"end":{"line":38,"column":8}},"locations":[{"start":{"line":37,"column":86},"end":{"line":38,"column":8}}]},"7":{"type":"branch","line":32,"loc":{"start":{"line":32,"column":53},"end":{"line":32,"column":89}},"locations":[{"start":{"line":32,"column":53},"end":{"line":32,"column":89}}]}},"b":{"0":[9],"1":[4],"2":[1],"3":[3],"4":[1],"5":[2],"6":[5],"7":[4]},"fnMap":{},"f":{}}
,"/Users/steven/Desktop/side project/order-book/src/config/env.ts": {"path":"/Users/steven/Desktop/side project/order-book/src/config/env.ts","all":true,"statementMap":{"0":{"start":{"line":1,"column":0},"end":{"line":1,"column":28}},"1":{"start":{"line":2,"column":0},"end":{"line":2,"column":23}},"2":{"start":{"line":3,"column":0},"end":{"line":3,"column":14}},"3":{"start":{"line":4,"column":0},"end":{"line":4,"column":16}},"4":{"start":{"line":5,"column":0},"end":{"line":5,"column":88}},"5":{"start":{"line":6,"column":0},"end":{"line":6,"column":69}},"6":{"start":{"line":7,"column":0},"end":{"line":7,"column":6}},"7":{"start":{"line":8,"column":0},"end":{"line":8,"column":19}},"8":{"start":{"line":9,"column":0},"end":{"line":9,"column":87}},"9":{"start":{"line":10,"column":0},"end":{"line":10,"column":81}},"10":{"start":{"line":11,"column":0},"end":{"line":11,"column":5}},"11":{"start":{"line":12,"column":0},"end":{"line":12,"column":4}},"12":{"start":{"line":13,"column":0},"end":{"line":13,"column":12}},"13":{"start":{"line":14,"column":0},"end":{"line":14,"column":26}},"14":{"start":{"line":15,"column":0},"end":{"line":15,"column":3}},"15":{"start":{"line":16,"column":0},"end":{"line":16,"column":10}}},"s":{"0":0,"1":0,"2":0,"3":0,"4":0,"5":0,"6":0,"7":0,"8":0,"9":0,"10":0,"11":0,"12":0,"13":0,"14":0,"15":0},"branchMap":{"0":{"type":"branch","line":1,"loc":{"start":{"line":1,"column":0},"end":{"line":16,"column":10}},"locations":[{"start":{"line":1,"column":0},"end":{"line":16,"column":10}}]}},"b":{"0":[0]},"fnMap":{"0":{"name":"(empty-report)","decl":{"start":{"line":1,"column":0},"end":{"line":16,"column":10}},"loc":{"start":{"line":1,"column":0},"end":{"line":16,"column":10}},"line":1}},"f":{"0":0}}
,"/Users/steven/Desktop/side project/order-book/src/core/composable/useBTSESocket.ts": {"path":"/Users/steven/Desktop/side project/order-book/src/core/composable/useBTSESocket.ts","all":false,"statementMap":{"1":{"start":{"line":2,"column":0},"end":{"line":2,"column":25}},"10":{"start":{"line":11,"column":0},"end":{"line":11,"column":77}},"12":{"start":{"line":13,"column":0},"end":{"line":13,"column":32}},"14":{"start":{"line":15,"column":0},"end":{"line":15,"column":33}},"17":{"start":{"line":18,"column":0},"end":{"line":18,"column":25}},"19":{"start":{"line":20,"column":0},"end":{"line":20,"column":93}},"20":{"start":{"line":21,"column":0},"end":{"line":21,"column":12}},"21":{"start":{"line":22,"column":0},"end":{"line":22,"column":5}},"24":{"start":{"line":25,"column":0},"end":{"line":25,"column":27}},"27":{"start":{"line":28,"column":0},"end":{"line":28,"column":23}},"28":{"start":{"line":29,"column":0},"end":{"line":29,"column":30}},"30":{"start":{"line":31,"column":0},"end":{"line":31,"column":66}},"31":{"start":{"line":32,"column":0},"end":{"line":32,"column":49}},"32":{"start":{"line":33,"column":0},"end":{"line":33,"column":5}},"35":{"start":{"line":36,"column":0},"end":{"line":36,"column":31}},"36":{"start":{"line":37,"column":0},"end":{"line":37,"column":40}},"38":{"start":{"line":39,"column":0},"end":{"line":39,"column":55}},"39":{"start":{"line":40,"column":0},"end":{"line":40,"column":27}},"40":{"start":{"line":41,"column":0},"end":{"line":41,"column":7}},"41":{"start":{"line":42,"column":0},"end":{"line":42,"column":5}},"44":{"start":{"line":45,"column":0},"end":{"line":45,"column":27}},"45":{"start":{"line":46,"column":0},"end":{"line":46,"column":31}},"46":{"start":{"line":47,"column":0},"end":{"line":47,"column":45}},"47":{"start":{"line":48,"column":0},"end":{"line":48,"column":5}},"50":{"start":{"line":51,"column":0},"end":{"line":51,"column":24}},"51":{"start":{"line":52,"column":0},"end":{"line":52,"column":31}},"52":{"start":{"line":53,"column":0},"end":{"line":53,"column":5}},"53":{"start":{"line":54,"column":0},"end":{"line":54,"column":3}},"56":{"start":{"line":57,"column":0},"end":{"line":57,"column":28}},"57":{"start":{"line":58,"column":0},"end":{"line":58,"column":49}},"58":{"start":{"line":59,"column":0},"end":{"line":59,"column":16}},"59":{"start":{"line":60,"column":0},"end":{"line":60,"column":5}},"60":{"start":{"line":61,"column":0},"end":{"line":61,"column":13}},"61":{"start":{"line":62,"column":0},"end":{"line":62,"column":29}},"62":{"start":{"line":63,"column":0},"end":{"line":63,"column":3}},"64":{"start":{"line":65,"column":0},"end":{"line":65,"column":10}},"65":{"start":{"line":66,"column":0},"end":{"line":66,"column":16}},"66":{"start":{"line":67,"column":0},"end":{"line":67,"column":12}},"67":{"start":{"line":68,"column":0},"end":{"line":68,"column":15}},"68":{"start":{"line":69,"column":0},"end":{"line":69,"column":3}},"69":{"start":{"line":70,"column":0},"end":{"line":70,"column":1}}},"s":{"1":1,"10":1,"12":10,"14":10,"17":10,"19":10,"20":0,"21":0,"24":10,"27":10,"28":4,"30":4,"31":4,"32":4,"35":10,"36":4,"38":4,"39":2,"40":2,"41":4,"44":10,"45":1,"46":1,"47":1,"50":10,"51":0,"52":0,"53":10,"56":10,"57":1,"58":1,"59":1,"60":1,"61":1,"62":1,"64":10,"65":10,"66":10,"67":10,"68":10,"69":10},"branchMap":{"0":{"type":"branch","line":11,"loc":{"start":{"line":11,"column":7},"end":{"line":70,"column":1}},"locations":[{"start":{"line":11,"column":7},"end":{"line":70,"column":1}}]},"1":{"type":"branch","line":18,"loc":{"start":{"line":18,"column":18},"end":{"line":54,"column":3}},"locations":[{"start":{"line":18,"column":18},"end":{"line":54,"column":3}}]},"2":{"type":"branch","line":20,"loc":{"start":{"line":20,"column":8},"end":{"line":20,"column":92}},"locations":[{"start":{"line":20,"column":8},"end":{"line":20,"column":92}}]},"3":{"type":"branch","line":20,"loc":{"start":{"line":20,"column":92},"end":{"line":22,"column":5}},"locations":[{"start":{"line":20,"column":92},"end":{"line":22,"column":5}}]},"4":{"type":"branch","line":28,"loc":{"start":{"line":28,"column":16},"end":{"line":33,"column":5}},"locations":[{"start":{"line":28,"column":16},"end":{"line":33,"column":5}}]},"5":{"type":"branch","line":36,"loc":{"start":{"line":36,"column":19},"end":{"line":42,"column":5}},"locations":[{"start":{"line":36,"column":19},"end":{"line":42,"column":5}}]},"6":{"type":"branch","line":39,"loc":{"start":{"line":39,"column":14},"end":{"line":39,"column":32}},"locations":[{"start":{"line":39,"column":14},"end":{"line":39,"column":32}}]},"7":{"type":"branch","line":39,"loc":{"start":{"line":39,"column":54},"end":{"line":41,"column":7}},"locations":[{"start":{"line":39,"column":54},"end":{"line":41,"column":7}}]},"8":{"type":"branch","line":45,"loc":{"start":{"line":45,"column":17},"end":{"line":48,"column":5}},"locations":[{"start":{"line":45,"column":17},"end":{"line":48,"column":5}}]},"9":{"type":"branch","line":57,"loc":{"start":{"line":57,"column":21},"end":{"line":63,"column":3}},"locations":[{"start":{"line":57,"column":21},"end":{"line":63,"column":3}}]}},"b":{"0":[10],"1":[10],"2":[0],"3":[0],"4":[4],"5":[4],"6":[3],"7":[2],"8":[1],"9":[1]},"fnMap":{"0":{"name":"useBTSESocket","decl":{"start":{"line":11,"column":7},"end":{"line":70,"column":1}},"loc":{"start":{"line":11,"column":7},"end":{"line":70,"column":1}},"line":11},"1":{"name":"connect","decl":{"start":{"line":18,"column":18},"end":{"line":54,"column":3}},"loc":{"start":{"line":18,"column":18},"end":{"line":54,"column":3}},"line":18},"2":{"name":"ws.onopen","decl":{"start":{"line":28,"column":16},"end":{"line":33,"column":5}},"loc":{"start":{"line":28,"column":16},"end":{"line":33,"column":5}},"line":28},"3":{"name":"ws.onmessage","decl":{"start":{"line":36,"column":19},"end":{"line":42,"column":5}},"loc":{"start":{"line":36,"column":19},"end":{"line":42,"column":5}},"line":36},"4":{"name":"ws.onerror","decl":{"start":{"line":45,"column":17},"end":{"line":48,"column":5}},"loc":{"start":{"line":45,"column":17},"end":{"line":48,"column":5}},"line":45},"5":{"name":"ws.onclose","decl":{"start":{"line":51,"column":17},"end":{"line":53,"column":5}},"loc":{"start":{"line":51,"column":17},"end":{"line":53,"column":5}},"line":51},"6":{"name":"disconnect","decl":{"start":{"line":57,"column":21},"end":{"line":63,"column":3}},"loc":{"start":{"line":57,"column":21},"end":{"line":63,"column":3}},"line":57}},"f":{"0":10,"1":10,"2":4,"3":4,"4":1,"5":0,"6":1}}
,"/Users/steven/Desktop/side project/order-book/src/core/composable/useOrderBook.ts": {"path":"/Users/steven/Desktop/side project/order-book/src/core/composable/useOrderBook.ts","all":false,"statementMap":{"0":{"start":{"line":1,"column":0},"end":{"line":1,"column":45}},"1":{"start":{"line":2,"column":0},"end":{"line":2,"column":47}},"2":{"start":{"line":3,"column":0},"end":{"line":3,"column":9}},"7":{"start":{"line":8,"column":0},"end":{"line":8,"column":72}},"9":{"start":{"line":10,"column":0},"end":{"line":10,"column":41}},"12":{"start":{"line":13,"column":0},"end":{"line":13,"column":32}},"14":{"start":{"line":15,"column":0},"end":{"line":15,"column":40}},"15":{"start":{"line":16,"column":0},"end":{"line":16,"column":45}},"16":{"start":{"line":17,"column":0},"end":{"line":17,"column":21}},"17":{"start":{"line":18,"column":0},"end":{"line":18,"column":21}},"18":{"start":{"line":19,"column":0},"end":{"line":19,"column":4}},"19":{"start":{"line":20,"column":0},"end":{"line":20,"column":74}},"20":{"start":{"line":21,"column":0},"end":{"line":21,"column":47}},"23":{"start":{"line":24,"column":0},"end":{"line":24,"column":6}},"24":{"start":{"line":25,"column":0},"end":{"line":25,"column":34}},"25":{"start":{"line":26,"column":0},"end":{"line":26,"column":34}},"26":{"start":{"line":27,"column":0},"end":{"line":27,"column":4}},"29":{"start":{"line":30,"column":0},"end":{"line":30,"column":43}},"31":{"start":{"line":32,"column":0},"end":{"line":32,"column":83}},"32":{"start":{"line":33,"column":0},"end":{"line":33,"column":83}},"35":{"start":{"line":36,"column":0},"end":{"line":36,"column":76}},"36":{"start":{"line":37,"column":0},"end":{"line":37,"column":76}},"38":{"start":{"line":39,"column":0},"end":{"line":39,"column":12}},"39":{"start":{"line":40,"column":0},"end":{"line":40,"column":38}},"40":{"start":{"line":41,"column":0},"end":{"line":41,"column":38}},"41":{"start":{"line":42,"column":0},"end":{"line":42,"column":33}},"42":{"start":{"line":43,"column":0},"end":{"line":43,"column":32}},"43":{"start":{"line":44,"column":0},"end":{"line":44,"column":5}},"44":{"start":{"line":45,"column":0},"end":{"line":45,"column":4}},"51":{"start":{"line":52,"column":0},"end":{"line":52,"column":57}},"52":{"start":{"line":53,"column":0},"end":{"line":53,"column":37}},"55":{"start":{"line":56,"column":0},"end":{"line":56,"column":30}},"56":{"start":{"line":57,"column":0},"end":{"line":57,"column":44}},"57":{"start":{"line":58,"column":0},"end":{"line":58,"column":33}},"59":{"start":{"line":60,"column":0},"end":{"line":60,"column":34}},"60":{"start":{"line":61,"column":0},"end":{"line":61,"column":29}},"61":{"start":{"line":62,"column":0},"end":{"line":62,"column":26}},"62":{"start":{"line":63,"column":0},"end":{"line":63,"column":34}},"63":{"start":{"line":64,"column":0},"end":{"line":64,"column":14}},"64":{"start":{"line":65,"column":0},"end":{"line":65,"column":7}},"65":{"start":{"line":66,"column":0},"end":{"line":66,"column":5}},"67":{"start":{"line":68,"column":0},"end":{"line":68,"column":30}},"69":{"start":{"line":70,"column":0},"end":{"line":70,"column":48}},"71":{"start":{"line":72,"column":0},"end":{"line":72,"column":64}},"72":{"start":{"line":73,"column":0},"end":{"line":73,"column":89}},"73":{"start":{"line":74,"column":0},"end":{"line":74,"column":89}},"74":{"start":{"line":75,"column":0},"end":{"line":75,"column":29}},"76":{"start":{"line":77,"column":0},"end":{"line":77,"column":12}},"79":{"start":{"line":80,"column":0},"end":{"line":80,"column":104}},"80":{"start":{"line":81,"column":0},"end":{"line":81,"column":104}},"82":{"start":{"line":83,"column":0},"end":{"line":83,"column":72}},"83":{"start":{"line":84,"column":0},"end":{"line":84,"column":87}},"84":{"start":{"line":85,"column":0},"end":{"line":85,"column":87}},"85":{"start":{"line":86,"column":0},"end":{"line":86,"column":5}},"86":{"start":{"line":87,"column":0},"end":{"line":87,"column":3}},"89":{"start":{"line":90,"column":0},"end":{"line":90,"column":88}},"90":{"start":{"line":91,"column":0},"end":{"line":91,"column":40}},"91":{"start":{"line":92,"column":0},"end":{"line":92,"column":44}},"92":{"start":{"line":93,"column":0},"end":{"line":93,"column":37}},"93":{"start":{"line":94,"column":0},"end":{"line":94,"column":4}},"95":{"start":{"line":96,"column":0},"end":{"line":96,"column":10}},"97":{"start":{"line":98,"column":0},"end":{"line":98,"column":42}},"98":{"start":{"line":99,"column":0},"end":{"line":99,"column":42}},"99":{"start":{"line":100,"column":0},"end":{"line":100,"column":46}},"102":{"start":{"line":103,"column":0},"end":{"line":103,"column":44}},"105":{"start":{"line":106,"column":0},"end":{"line":106,"column":50}},"106":{"start":{"line":107,"column":0},"end":{"line":107,"column":52}},"107":{"start":{"line":108,"column":0},"end":{"line":108,"column":3}},"108":{"start":{"line":109,"column":0},"end":{"line":109,"column":1}}},"s":{"0":1,"1":1,"2":1,"7":1,"9":1,"12":1,"14":9,"15":9,"16":9,"17":9,"18":9,"19":9,"20":9,"23":9,"24":9,"25":9,"26":9,"29":9,"31":1,"32":1,"35":1,"36":1,"38":1,"39":1,"40":1,"41":1,"42":1,"43":1,"44":9,"51":9,"52":9,"55":9,"56":3,"57":3,"59":3,"60":1,"61":1,"62":1,"63":1,"64":1,"65":3,"67":8,"69":9,"71":6,"72":6,"73":6,"74":6,"76":9,"79":2,"80":2,"82":2,"83":2,"84":2,"85":2,"86":9,"89":9,"90":9,"91":9,"92":9,"93":9,"95":9,"97":9,"98":9,"99":9,"102":9,"105":9,"106":9,"107":9,"108":9},"branchMap":{"0":{"type":"branch","line":13,"loc":{"start":{"line":13,"column":7},"end":{"line":109,"column":1}},"locations":[{"start":{"line":13,"column":7},"end":{"line":109,"column":1}}]},"1":{"type":"branch","line":30,"loc":{"start":{"line":30,"column":36},"end":{"line":45,"column":3}},"locations":[{"start":{"line":30,"column":36},"end":{"line":45,"column":3}}]},"2":{"type":"branch","line":36,"loc":{"start":{"line":36,"column":41},"end":{"line":36,"column":74}},"locations":[{"start":{"line":36,"column":41},"end":{"line":36,"column":74}}]},"3":{"type":"branch","line":37,"loc":{"start":{"line":37,"column":41},"end":{"line":37,"column":74}},"locations":[{"start":{"line":37,"column":41},"end":{"line":37,"column":74}}]},"4":{"type":"branch","line":52,"loc":{"start":{"line":52,"column":33},"end":{"line":87,"column":3}},"locations":[{"start":{"line":52,"column":33},"end":{"line":87,"column":3}}]},"5":{"type":"branch","line":56,"loc":{"start":{"line":56,"column":29},"end":{"line":66,"column":5}},"locations":[{"start":{"line":56,"column":29},"end":{"line":66,"column":5}}]},"6":{"type":"branch","line":60,"loc":{"start":{"line":60,"column":33},"end":{"line":65,"column":7}},"locations":[{"start":{"line":60,"column":33},"end":{"line":65,"column":7}}]},"7":{"type":"branch","line":66,"loc":{"start":{"line":66,"column":4},"end":{"line":70,"column":47}},"locations":[{"start":{"line":66,"column":4},"end":{"line":70,"column":47}}]},"8":{"type":"branch","line":70,"loc":{"start":{"line":70,"column":47},"end":{"line":77,"column":11}},"locations":[{"start":{"line":70,"column":47},"end":{"line":77,"column":11}}]},"9":{"type":"branch","line":77,"loc":{"start":{"line":77,"column":4},"end":{"line":86,"column":5}},"locations":[{"start":{"line":77,"column":4},"end":{"line":86,"column":5}}]},"10":{"type":"branch","line":73,"loc":{"start":{"line":73,"column":47},"end":{"line":73,"column":74}},"locations":[{"start":{"line":73,"column":47},"end":{"line":73,"column":74}}]},"11":{"type":"branch","line":74,"loc":{"start":{"line":74,"column":47},"end":{"line":74,"column":74}},"locations":[{"start":{"line":74,"column":47},"end":{"line":74,"column":74}}]},"12":{"type":"branch","line":84,"loc":{"start":{"line":84,"column":45},"end":{"line":84,"column":72}},"locations":[{"start":{"line":84,"column":45},"end":{"line":84,"column":72}}]},"13":{"type":"branch","line":85,"loc":{"start":{"line":85,"column":45},"end":{"line":85,"column":72}},"locations":[{"start":{"line":85,"column":45},"end":{"line":85,"column":72}}]}},"b":{"0":[9],"1":[1],"2":[8],"3":[8],"4":[9],"5":[3],"6":[1],"7":[8],"8":[6],"9":[2],"10":[14],"11":[15],"12":[3],"13":[3]},"fnMap":{"0":{"name":"useOrderBook","decl":{"start":{"line":13,"column":7},"end":{"line":109,"column":1}},"loc":{"start":{"line":13,"column":7},"end":{"line":109,"column":1}},"line":13},"1":{"name":"handleOrderBookMessage","decl":{"start":{"line":52,"column":33},"end":{"line":87,"column":3}},"loc":{"start":{"line":52,"column":33},"end":{"line":87,"column":3}},"line":52}},"f":{"0":9,"1":9}}
,"/Users/steven/Desktop/side project/order-book/src/core/composable/useTradeHistory.ts": {"path":"/Users/steven/Desktop/side project/order-book/src/core/composable/useTradeHistory.ts","all":false,"statementMap":{"0":{"start":{"line":1,"column":0},"end":{"line":1,"column":35}},"1":{"start":{"line":2,"column":0},"end":{"line":2,"column":47}},"2":{"start":{"line":3,"column":0},"end":{"line":3,"column":52}},"3":{"start":{"line":4,"column":0},"end":{"line":4,"column":67}},"4":{"start":{"line":5,"column":0},"end":{"line":5,"column":41}},"7":{"start":{"line":8,"column":0},"end":{"line":8,"column":35}},"9":{"start":{"line":10,"column":0},"end":{"line":10,"column":66}},"10":{"start":{"line":11,"column":0},"end":{"line":11,"column":64}},"11":{"start":{"line":12,"column":0},"end":{"line":12,"column":65}},"14":{"start":{"line":15,"column":0},"end":{"line":15,"column":57}},"16":{"start":{"line":17,"column":0},"end":{"line":17,"column":30}},"17":{"start":{"line":18,"column":0},"end":{"line":18,"column":14}},"18":{"start":{"line":19,"column":0},"end":{"line":19,"column":38}},"19":{"start":{"line":20,"column":0},"end":{"line":20,"column":17}},"20":{"start":{"line":21,"column":0},"end":{"line":21,"column":23}},"21":{"start":{"line":22,"column":0},"end":{"line":22,"column":7}},"22":{"start":{"line":23,"column":0},"end":{"line":23,"column":5}},"24":{"start":{"line":25,"column":0},"end":{"line":25,"column":60}},"27":{"start":{"line":28,"column":0},"end":{"line":28,"column":31}},"28":{"start":{"line":29,"column":0},"end":{"line":29,"column":14}},"29":{"start":{"line":30,"column":0},"end":{"line":30,"column":38}},"30":{"start":{"line":31,"column":0},"end":{"line":31,"column":28}},"31":{"start":{"line":32,"column":0},"end":{"line":32,"column":12}},"32":{"start":{"line":33,"column":0},"end":{"line":33,"column":7}},"33":{"start":{"line":34,"column":0},"end":{"line":34,"column":5}},"36":{"start":{"line":37,"column":0},"end":{"line":37,"column":56}},"38":{"start":{"line":39,"column":0},"end":{"line":39,"column":12}},"39":{"start":{"line":40,"column":0},"end":{"line":40,"column":77}},"40":{"start":{"line":41,"column":0},"end":{"line":41,"column":77}},"41":{"start":{"line":42,"column":0},"end":{"line":42,"column":77}},"42":{"start":{"line":43,"column":0},"end":{"line":43,"column":26}},"43":{"start":{"line":44,"column":0},"end":{"line":44,"column":10}},"44":{"start":{"line":45,"column":0},"end":{"line":45,"column":5}},"45":{"start":{"line":46,"column":0},"end":{"line":46,"column":4}},"52":{"start":{"line":53,"column":0},"end":{"line":53,"column":55}},"55":{"start":{"line":56,"column":0},"end":{"line":56,"column":24}},"56":{"start":{"line":57,"column":0},"end":{"line":57,"column":54}},"57":{"start":{"line":58,"column":0},"end":{"line":58,"column":25}},"58":{"start":{"line":59,"column":0},"end":{"line":59,"column":40}},"59":{"start":{"line":60,"column":0},"end":{"line":60,"column":20}},"60":{"start":{"line":61,"column":0},"end":{"line":61,"column":12}},"61":{"start":{"line":62,"column":0},"end":{"line":62,"column":12}},"62":{"start":{"line":63,"column":0},"end":{"line":63,"column":5}},"65":{"start":{"line":66,"column":0},"end":{"line":66,"column":61}},"66":{"start":{"line":67,"column":0},"end":{"line":67,"column":90}},"67":{"start":{"line":68,"column":0},"end":{"line":68,"column":89}},"68":{"start":{"line":69,"column":0},"end":{"line":69,"column":89}},"69":{"start":{"line":70,"column":0},"end":{"line":70,"column":90}},"70":{"start":{"line":71,"column":0},"end":{"line":71,"column":109}},"71":{"start":{"line":72,"column":0},"end":{"line":72,"column":90}},"72":{"start":{"line":73,"column":0},"end":{"line":73,"column":7}},"74":{"start":{"line":75,"column":0},"end":{"line":75,"column":39}},"75":{"start":{"line":76,"column":0},"end":{"line":76,"column":12}},"76":{"start":{"line":77,"column":0},"end":{"line":77,"column":5}},"79":{"start":{"line":80,"column":0},"end":{"line":80,"column":30}},"80":{"start":{"line":81,"column":0},"end":{"line":81,"column":45}},"81":{"start":{"line":82,"column":0},"end":{"line":82,"column":46}},"83":{"start":{"line":84,"column":0},"end":{"line":84,"column":46}},"84":{"start":{"line":85,"column":0},"end":{"line":85,"column":45}},"85":{"start":{"line":86,"column":0},"end":{"line":86,"column":44}},"87":{"start":{"line":88,"column":0},"end":{"line":88,"column":46}},"88":{"start":{"line":89,"column":0},"end":{"line":89,"column":45}},"89":{"start":{"line":90,"column":0},"end":{"line":90,"column":5}},"91":{"start":{"line":92,"column":0},"end":{"line":92,"column":27}},"92":{"start":{"line":93,"column":0},"end":{"line":93,"column":3}},"95":{"start":{"line":96,"column":0},"end":{"line":96,"column":94}},"96":{"start":{"line":97,"column":0},"end":{"line":97,"column":70}},"97":{"start":{"line":98,"column":0},"end":{"line":98,"column":68}},"98":{"start":{"line":99,"column":0},"end":{"line":99,"column":70}},"99":{"start":{"line":100,"column":0},"end":{"line":100,"column":4}},"101":{"start":{"line":102,"column":0},"end":{"line":102,"column":10}},"103":{"start":{"line":104,"column":0},"end":{"line":104,"column":43}},"104":{"start":{"line":105,"column":0},"end":{"line":105,"column":41}},"105":{"start":{"line":106,"column":0},"end":{"line":106,"column":42}},"108":{"start":{"line":109,"column":0},"end":{"line":109,"column":41}},"111":{"start":{"line":112,"column":0},"end":{"line":112,"column":51}},"112":{"start":{"line":113,"column":0},"end":{"line":113,"column":54}},"113":{"start":{"line":114,"column":0},"end":{"line":114,"column":3}},"114":{"start":{"line":115,"column":0},"end":{"line":115,"column":1}}},"s":{"0":1,"1":1,"2":1,"3":1,"4":1,"7":1,"9":20,"10":20,"11":20,"14":20,"16":5,"17":1,"18":1,"19":1,"20":1,"21":1,"22":1,"24":4,"27":5,"28":1,"29":1,"30":1,"31":1,"32":1,"33":1,"36":3,"38":3,"39":5,"40":2,"41":1,"42":5,"43":5,"44":5,"45":20,"52":20,"55":21,"56":21,"57":19,"58":21,"59":1,"60":1,"61":1,"62":1,"65":20,"66":22,"67":22,"68":22,"69":22,"70":22,"71":22,"72":20,"74":21,"75":1,"76":1,"79":21,"80":14,"81":21,"83":4,"84":4,"85":5,"87":1,"88":1,"89":1,"91":19,"92":21,"95":20,"96":20,"97":20,"98":20,"99":20,"101":20,"103":20,"104":20,"105":20,"108":20,"111":20,"112":20,"113":20,"114":20},"branchMap":{"0":{"type":"branch","line":8,"loc":{"start":{"line":8,"column":7},"end":{"line":115,"column":1}},"locations":[{"start":{"line":8,"column":7},"end":{"line":115,"column":1}}]},"1":{"type":"branch","line":15,"loc":{"start":{"line":15,"column":50},"end":{"line":46,"column":3}},"locations":[{"start":{"line":15,"column":50},"end":{"line":46,"column":3}}]},"2":{"type":"branch","line":17,"loc":{"start":{"line":17,"column":29},"end":{"line":23,"column":5}},"locations":[{"start":{"line":17,"column":29},"end":{"line":23,"column":5}}]},"3":{"type":"branch","line":23,"loc":{"start":{"line":23,"column":4},"end":{"line":28,"column":30}},"locations":[{"start":{"line":23,"column":4},"end":{"line":28,"column":30}}]},"4":{"type":"branch","line":28,"loc":{"start":{"line":28,"column":30},"end":{"line":34,"column":5}},"locations":[{"start":{"line":28,"column":30},"end":{"line":34,"column":5}}]},"5":{"type":"branch","line":34,"loc":{"start":{"line":34,"column":4},"end":{"line":40,"column":45}},"locations":[{"start":{"line":34,"column":4},"end":{"line":40,"column":45}}]},"6":{"type":"branch","line":40,"loc":{"start":{"line":40,"column":29},"end":{"line":40,"column":77}},"locations":[{"start":{"line":40,"column":29},"end":{"line":40,"column":77}}]},"7":{"type":"branch","line":40,"loc":{"start":{"line":40,"column":62},"end":{"line":42,"column":77}},"locations":[{"start":{"line":40,"column":62},"end":{"line":42,"column":77}}]},"8":{"type":"branch","line":41,"loc":{"start":{"line":41,"column":28},"end":{"line":41,"column":77}},"locations":[{"start":{"line":41,"column":28},"end":{"line":41,"column":77}}]},"9":{"type":"branch","line":41,"loc":{"start":{"line":41,"column":61},"end":{"line":42,"column":77}},"locations":[{"start":{"line":41,"column":61},"end":{"line":42,"column":77}}]},"10":{"type":"branch","line":53,"loc":{"start":{"line":53,"column":36},"end":{"line":93,"column":3}},"locations":[{"start":{"line":53,"column":36},"end":{"line":93,"column":3}}]},"11":{"type":"branch","line":57,"loc":{"start":{"line":57,"column":16},"end":{"line":57,"column":53}},"locations":[{"start":{"line":57,"column":16},"end":{"line":57,"column":53}}]},"12":{"type":"branch","line":57,"loc":{"start":{"line":57,"column":53},"end":{"line":59,"column":15}},"locations":[{"start":{"line":57,"column":53},"end":{"line":59,"column":15}}]},"13":{"type":"branch","line":59,"loc":{"start":{"line":59,"column":4},"end":{"line":63,"column":5}},"locations":[{"start":{"line":59,"column":4},"end":{"line":63,"column":5}}]},"14":{"type":"branch","line":59,"loc":{"start":{"line":59,"column":39},"end":{"line":63,"column":5}},"locations":[{"start":{"line":59,"column":39},"end":{"line":63,"column":5}}]},"15":{"type":"branch","line":63,"loc":{"start":{"line":63,"column":4},"end":{"line":75,"column":38}},"locations":[{"start":{"line":63,"column":4},"end":{"line":75,"column":38}}]},"16":{"type":"branch","line":75,"loc":{"start":{"line":75,"column":38},"end":{"line":77,"column":5}},"locations":[{"start":{"line":75,"column":38},"end":{"line":77,"column":5}}]},"17":{"type":"branch","line":77,"loc":{"start":{"line":77,"column":4},"end":{"line":80,"column":29}},"locations":[{"start":{"line":77,"column":4},"end":{"line":80,"column":29}}]},"18":{"type":"branch","line":80,"loc":{"start":{"line":80,"column":29},"end":{"line":82,"column":15}},"locations":[{"start":{"line":80,"column":29},"end":{"line":82,"column":15}}]},"19":{"type":"branch","line":82,"loc":{"start":{"line":82,"column":4},"end":{"line":90,"column":5}},"locations":[{"start":{"line":82,"column":4},"end":{"line":90,"column":5}}]},"20":{"type":"branch","line":82,"loc":{"start":{"line":82,"column":45},"end":{"line":86,"column":15}},"locations":[{"start":{"line":82,"column":45},"end":{"line":86,"column":15}}]},"21":{"type":"branch","line":86,"loc":{"start":{"line":86,"column":4},"end":{"line":90,"column":5}},"locations":[{"start":{"line":86,"column":4},"end":{"line":90,"column":5}}]},"22":{"type":"branch","line":90,"loc":{"start":{"line":90,"column":4},"end":{"line":92,"column":27}},"locations":[{"start":{"line":90,"column":4},"end":{"line":92,"column":27}}]},"23":{"type":"branch","line":66,"loc":{"start":{"line":66,"column":50},"end":{"line":73,"column":6}},"locations":[{"start":{"line":66,"column":50},"end":{"line":73,"column":6}}]},"24":{"type":"branch","line":68,"loc":{"start":{"line":68,"column":27},"end":{"line":68,"column":51}},"locations":[{"start":{"line":68,"column":27},"end":{"line":68,"column":51}}]},"25":{"type":"branch","line":68,"loc":{"start":{"line":68,"column":45},"end":{"line":68,"column":89}},"locations":[{"start":{"line":68,"column":45},"end":{"line":68,"column":89}}]},"26":{"type":"branch","line":70,"loc":{"start":{"line":70,"column":20},"end":{"line":70,"column":90}},"locations":[{"start":{"line":70,"column":20},"end":{"line":70,"column":90}}]},"27":{"type":"branch","line":71,"loc":{"start":{"line":71,"column":44},"end":{"line":71,"column":83}},"locations":[{"start":{"line":71,"column":44},"end":{"line":71,"column":83}}]},"28":{"type":"branch","line":71,"loc":{"start":{"line":71,"column":79},"end":{"line":71,"column":109}},"locations":[{"start":{"line":71,"column":79},"end":{"line":71,"column":109}}]},"29":{"type":"branch","line":72,"loc":{"start":{"line":72,"column":21},"end":{"line":72,"column":90}},"locations":[{"start":{"line":72,"column":21},"end":{"line":72,"column":90}}]}},"b":{"0":[20],"1":[5],"2":[1],"3":[4],"4":[1],"5":[3],"6":[1],"7":[2],"8":[1],"9":[1],"10":[21],"11":[19],"12":[19],"13":[2],"14":[1],"15":[20],"16":[1],"17":[19],"18":[14],"19":[5],"20":[4],"21":[1],"22":[19],"23":[22],"24":[15],"25":[7],"26":[0],"27":[21],"28":[1],"29":[1]},"fnMap":{"0":{"name":"useTradeHistory","decl":{"start":{"line":8,"column":7},"end":{"line":115,"column":1}},"loc":{"start":{"line":8,"column":7},"end":{"line":115,"column":1}},"line":8},"1":{"name":"handleTradeHistoryMessage","decl":{"start":{"line":53,"column":36},"end":{"line":93,"column":3}},"loc":{"start":{"line":53,"column":36},"end":{"line":93,"column":3}},"line":53}},"f":{"0":20,"1":21}}
,"/Users/steven/Desktop/side project/order-book/src/core/enums/order/OrderBookUpdateType.ts": {"path":"/Users/steven/Desktop/side project/order-book/src/core/enums/order/OrderBookUpdateType.ts","all":false,"statementMap":{"0":{"start":{"line":1,"column":0},"end":{"line":1,"column":33}},"1":{"start":{"line":2,"column":0},"end":{"line":2,"column":24}},"2":{"start":{"line":3,"column":0},"end":{"line":3,"column":18}}},"s":{"0":1,"1":1,"2":1},"branchMap":{"0":{"type":"branch","line":1,"loc":{"start":{"line":1,"column":7},"end":{"line":1,"column":33}},"locations":[{"start":{"line":1,"column":7},"end":{"line":1,"column":33}}]}},"b":{"0":[2]},"fnMap":{},"f":{}}
,"/Users/steven/Desktop/side project/order-book/src/core/enums/order/OrderSide.ts": {"path":"/Users/steven/Desktop/side project/order-book/src/core/enums/order/OrderSide.ts","all":false,"statementMap":{"0":{"start":{"line":1,"column":0},"end":{"line":1,"column":23}},"1":{"start":{"line":2,"column":0},"end":{"line":2,"column":14}},"2":{"start":{"line":3,"column":0},"end":{"line":3,"column":16}}},"s":{"0":1,"1":1,"2":1},"branchMap":{"0":{"type":"branch","line":1,"loc":{"start":{"line":1,"column":7},"end":{"line":1,"column":23}},"locations":[{"start":{"line":1,"column":7},"end":{"line":1,"column":23}}]}},"b":{"0":[3]},"fnMap":{},"f":{}}
,"/Users/steven/Desktop/side project/order-book/src/core/enums/system/SizeNameEnum.ts": {"path":"/Users/steven/Desktop/side project/order-book/src/core/enums/system/SizeNameEnum.ts","all":false,"statementMap":{"0":{"start":{"line":1,"column":0},"end":{"line":1,"column":26}},"1":{"start":{"line":2,"column":0},"end":{"line":2,"column":18}},"2":{"start":{"line":3,"column":0},"end":{"line":3,"column":20}},"3":{"start":{"line":4,"column":0},"end":{"line":4,"column":17}}},"s":{"0":1,"1":1,"2":1,"3":1},"branchMap":{"0":{"type":"branch","line":1,"loc":{"start":{"line":1,"column":7},"end":{"line":1,"column":26}},"locations":[{"start":{"line":1,"column":7},"end":{"line":1,"column":26}}]}},"b":{"0":[2]},"fnMap":{},"f":{}}
,"/Users/steven/Desktop/side project/order-book/src/core/enums/system/StatusChangeEnum.ts": {"path":"/Users/steven/Desktop/side project/order-book/src/core/enums/system/StatusChangeEnum.ts","all":false,"statementMap":{"0":{"start":{"line":1,"column":0},"end":{"line":1,"column":30}},"1":{"start":{"line":2,"column":0},"end":{"line":2,"column":12}},"2":{"start":{"line":3,"column":0},"end":{"line":3,"column":16}},"3":{"start":{"line":4,"column":0},"end":{"line":4,"column":15}}},"s":{"0":1,"1":1,"2":1,"3":1},"branchMap":{"0":{"type":"branch","line":1,"loc":{"start":{"line":1,"column":7},"end":{"line":1,"column":30}},"locations":[{"start":{"line":1,"column":7},"end":{"line":1,"column":30}}]}},"b":{"0":[3]},"fnMap":{},"f":{}}
,"/Users/steven/Desktop/side project/order-book/src/core/services/commonServices.ts": {"path":"/Users/steven/Desktop/side project/order-book/src/core/services/commonServices.ts","all":false,"statementMap":{"6":{"start":{"line":7,"column":0},"end":{"line":7,"column":75}},"7":{"start":{"line":8,"column":0},"end":{"line":8,"column":40}},"8":{"start":{"line":9,"column":0},"end":{"line":9,"column":36}},"9":{"start":{"line":10,"column":0},"end":{"line":10,"column":35}},"10":{"start":{"line":11,"column":0},"end":{"line":11,"column":5}},"11":{"start":{"line":12,"column":0},"end":{"line":12,"column":1}}},"s":{"6":1,"7":44,"8":44,"9":44,"10":44,"11":44},"branchMap":{"0":{"type":"branch","line":7,"loc":{"start":{"line":7,"column":7},"end":{"line":12,"column":1}},"locations":[{"start":{"line":7,"column":7},"end":{"line":12,"column":1}}]}},"b":{"0":[44]},"fnMap":{"0":{"name":"formatNumber","decl":{"start":{"line":7,"column":7},"end":{"line":12,"column":1}},"loc":{"start":{"line":7,"column":7},"end":{"line":12,"column":1}},"line":7}},"f":{"0":44}}
,"/Users/steven/Desktop/side project/order-book/src/core/services/orderBookServices.ts": {"path":"/Users/steven/Desktop/side project/order-book/src/core/services/orderBookServices.ts","all":false,"statementMap":{"18":{"start":{"line":19,"column":0},"end":{"line":19,"column":109}},"20":{"start":{"line":21,"column":0},"end":{"line":21,"column":56}},"21":{"start":{"line":22,"column":0},"end":{"line":22,"column":39}},"22":{"start":{"line":23,"column":0},"end":{"line":23,"column":37}},"24":{"start":{"line":25,"column":0},"end":{"line":25,"column":12}},"25":{"start":{"line":26,"column":0},"end":{"line":26,"column":12}},"26":{"start":{"line":27,"column":0},"end":{"line":27,"column":11}},"27":{"start":{"line":28,"column":0},"end":{"line":28,"column":29}},"28":{"start":{"line":29,"column":0},"end":{"line":29,"column":6}},"29":{"start":{"line":30,"column":0},"end":{"line":30,"column":5}},"32":{"start":{"line":33,"column":0},"end":{"line":33,"column":14}},"34":{"start":{"line":35,"column":0},"end":{"line":35,"column":46}},"35":{"start":{"line":36,"column":0},"end":{"line":36,"column":10}},"37":{"start":{"line":38,"column":0},"end":{"line":38,"column":46}},"38":{"start":{"line":39,"column":0},"end":{"line":39,"column":3}},"41":{"start":{"line":42,"column":0},"end":{"line":42,"column":23}},"42":{"start":{"line":43,"column":0},"end":{"line":43,"column":28}},"43":{"start":{"line":44,"column":0},"end":{"line":44,"column":31}},"44":{"start":{"line":45,"column":0},"end":{"line":45,"column":31}},"45":{"start":{"line":46,"column":0},"end":{"line":46,"column":5}},"47":{"start":{"line":48,"column":0},"end":{"line":48,"column":17}},"48":{"start":{"line":49,"column":0},"end":{"line":49,"column":1}},"57":{"start":{"line":58,"column":0},"end":{"line":58,"column":36}},"58":{"start":{"line":59,"column":0},"end":{"line":59,"column":33}},"59":{"start":{"line":60,"column":0},"end":{"line":60,"column":33}},"60":{"start":{"line":61,"column":0},"end":{"line":61,"column":24}},"61":{"start":{"line":62,"column":0},"end":{"line":62,"column":21}},"63":{"start":{"line":64,"column":0},"end":{"line":64,"column":53}},"66":{"start":{"line":67,"column":0},"end":{"line":67,"column":33}},"67":{"start":{"line":68,"column":0},"end":{"line":68,"column":44}},"68":{"start":{"line":69,"column":0},"end":{"line":69,"column":5}},"71":{"start":{"line":72,"column":0},"end":{"line":72,"column":47}},"72":{"start":{"line":73,"column":0},"end":{"line":73,"column":39}},"73":{"start":{"line":74,"column":0},"end":{"line":74,"column":37}},"75":{"start":{"line":76,"column":0},"end":{"line":76,"column":21}},"77":{"start":{"line":78,"column":0},"end":{"line":78,"column":29}},"78":{"start":{"line":79,"column":0},"end":{"line":79,"column":12}},"80":{"start":{"line":81,"column":0},"end":{"line":81,"column":27}},"81":{"start":{"line":82,"column":0},"end":{"line":82,"column":14}},"82":{"start":{"line":83,"column":0},"end":{"line":83,"column":13}},"83":{"start":{"line":84,"column":0},"end":{"line":84,"column":37}},"84":{"start":{"line":85,"column":0},"end":{"line":85,"column":9}},"85":{"start":{"line":86,"column":0},"end":{"line":86,"column":5}},"86":{"start":{"line":87,"column":0},"end":{"line":87,"column":5}},"89":{"start":{"line":90,"column":0},"end":{"line":90,"column":67}},"90":{"start":{"line":91,"column":0},"end":{"line":91,"column":49}},"91":{"start":{"line":92,"column":0},"end":{"line":92,"column":4}},"94":{"start":{"line":95,"column":0},"end":{"line":95,"column":45}},"95":{"start":{"line":96,"column":0},"end":{"line":96,"column":65}},"96":{"start":{"line":97,"column":0},"end":{"line":97,"column":20}},"97":{"start":{"line":98,"column":0},"end":{"line":98,"column":15}},"98":{"start":{"line":99,"column":0},"end":{"line":99,"column":29}},"99":{"start":{"line":100,"column":0},"end":{"line":100,"column":1}},"107":{"start":{"line":108,"column":0},"end":{"line":108,"column":36}},"108":{"start":{"line":109,"column":0},"end":{"line":109,"column":30}},"109":{"start":{"line":110,"column":0},"end":{"line":110,"column":12}},"113":{"start":{"line":114,"column":0},"end":{"line":114,"column":18}},"114":{"start":{"line":115,"column":0},"end":{"line":115,"column":10}},"115":{"start":{"line":116,"column":0},"end":{"line":116,"column":85}},"116":{"start":{"line":117,"column":0},"end":{"line":117,"column":86}},"117":{"start":{"line":118,"column":0},"end":{"line":118,"column":4}},"118":{"start":{"line":119,"column":0},"end":{"line":119,"column":1}},"125":{"start":{"line":126,"column":0},"end":{"line":126,"column":44}},"128":{"start":{"line":129,"column":0},"end":{"line":129,"column":19}},"129":{"start":{"line":130,"column":0},"end":{"line":130,"column":10}},"130":{"start":{"line":131,"column":0},"end":{"line":131,"column":64}},"131":{"start":{"line":132,"column":0},"end":{"line":132,"column":65}},"132":{"start":{"line":133,"column":0},"end":{"line":133,"column":4}},"133":{"start":{"line":134,"column":0},"end":{"line":134,"column":1}}},"s":{"18":1,"20":17,"21":26,"22":26,"24":26,"25":26,"26":26,"27":26,"28":26,"29":17,"32":17,"34":5,"35":17,"37":12,"38":12,"41":17,"42":17,"43":26,"44":26,"45":17,"47":17,"48":17,"57":1,"58":15,"59":15,"60":15,"61":15,"63":15,"66":15,"67":18,"68":15,"71":15,"72":18,"73":18,"75":18,"77":3,"78":18,"80":15,"81":15,"82":15,"83":15,"84":15,"85":15,"86":15,"89":15,"90":11,"91":15,"94":15,"95":23,"96":23,"97":23,"98":15,"99":15,"107":1,"108":4,"109":4,"113":4,"114":4,"115":4,"116":4,"117":4,"118":4,"125":1,"128":5,"129":5,"130":5,"131":5,"132":5,"133":5},"branchMap":{"0":{"type":"branch","line":19,"loc":{"start":{"line":19,"column":7},"end":{"line":49,"column":1}},"locations":[{"start":{"line":19,"column":7},"end":{"line":49,"column":1}}]},"1":{"type":"branch","line":33,"loc":{"start":{"line":33,"column":13},"end":{"line":36,"column":9}},"locations":[{"start":{"line":33,"column":13},"end":{"line":36,"column":9}}]},"2":{"type":"branch","line":36,"loc":{"start":{"line":36,"column":2},"end":{"line":39,"column":3}},"locations":[{"start":{"line":36,"column":2},"end":{"line":39,"column":3}}]},"3":{"type":"branch","line":21,"loc":{"start":{"line":21,"column":30},"end":{"line":30,"column":3}},"locations":[{"start":{"line":21,"column":30},"end":{"line":30,"column":3}}]},"4":{"type":"branch","line":35,"loc":{"start":{"line":35,"column":17},"end":{"line":35,"column":44}},"locations":[{"start":{"line":35,"column":17},"end":{"line":35,"column":44}}]},"5":{"type":"branch","line":38,"loc":{"start":{"line":38,"column":17},"end":{"line":38,"column":44}},"locations":[{"start":{"line":38,"column":17},"end":{"line":38,"column":44}}]},"6":{"type":"branch","line":43,"loc":{"start":{"line":43,"column":18},"end":{"line":46,"column":3}},"locations":[{"start":{"line":43,"column":18},"end":{"line":46,"column":3}}]},"7":{"type":"branch","line":58,"loc":{"start":{"line":58,"column":7},"end":{"line":100,"column":1}},"locations":[{"start":{"line":58,"column":7},"end":{"line":100,"column":1}}]},"8":{"type":"branch","line":67,"loc":{"start":{"line":67,"column":23},"end":{"line":69,"column":3}},"locations":[{"start":{"line":67,"column":23},"end":{"line":69,"column":3}}]},"9":{"type":"branch","line":72,"loc":{"start":{"line":72,"column":21},"end":{"line":87,"column":3}},"locations":[{"start":{"line":72,"column":21},"end":{"line":87,"column":3}}]},"10":{"type":"branch","line":76,"loc":{"start":{"line":76,"column":20},"end":{"line":79,"column":11}},"locations":[{"start":{"line":76,"column":20},"end":{"line":79,"column":11}}]},"11":{"type":"branch","line":79,"loc":{"start":{"line":79,"column":4},"end":{"line":86,"column":5}},"locations":[{"start":{"line":79,"column":4},"end":{"line":86,"column":5}}]},"12":{"type":"branch","line":90,"loc":{"start":{"line":90,"column":57},"end":{"line":91,"column":49}},"locations":[{"start":{"line":90,"column":57},"end":{"line":91,"column":49}}]},"13":{"type":"branch","line":91,"loc":{"start":{"line":91,"column":4},"end":{"line":91,"column":32}},"locations":[{"start":{"line":91,"column":4},"end":{"line":91,"column":32}}]},"14":{"type":"branch","line":91,"loc":{"start":{"line":91,"column":24},"end":{"line":91,"column":49}},"locations":[{"start":{"line":91,"column":24},"end":{"line":91,"column":49}}]},"15":{"type":"branch","line":95,"loc":{"start":{"line":95,"column":28},"end":{"line":99,"column":5}},"locations":[{"start":{"line":95,"column":28},"end":{"line":99,"column":5}}]},"16":{"type":"branch","line":96,"loc":{"start":{"line":96,"column":37},"end":{"line":96,"column":49}},"locations":[{"start":{"line":96,"column":37},"end":{"line":96,"column":49}}]},"17":{"type":"branch","line":96,"loc":{"start":{"line":96,"column":40},"end":{"line":96,"column":54}},"locations":[{"start":{"line":96,"column":40},"end":{"line":96,"column":54}}]},"18":{"type":"branch","line":108,"loc":{"start":{"line":108,"column":7},"end":{"line":119,"column":1}},"locations":[{"start":{"line":108,"column":7},"end":{"line":119,"column":1}}]},"19":{"type":"branch","line":126,"loc":{"start":{"line":126,"column":7},"end":{"line":134,"column":1}},"locations":[{"start":{"line":126,"column":7},"end":{"line":134,"column":1}}]}},"b":{"0":[17],"1":[5],"2":[12],"3":[26],"4":[3],"5":[11],"6":[26],"7":[15],"8":[18],"9":[18],"10":[3],"11":[15],"12":[11],"13":[9],"14":[2],"15":[23],"16":[11],"17":[12],"18":[4],"19":[5]},"fnMap":{"0":{"name":"processOrderBookData","decl":{"start":{"line":19,"column":7},"end":{"line":49,"column":1}},"loc":{"start":{"line":19,"column":7},"end":{"line":49,"column":1}},"line":19},"1":{"name":"updateOrderBookData","decl":{"start":{"line":58,"column":7},"end":{"line":100,"column":1}},"loc":{"start":{"line":58,"column":7},"end":{"line":100,"column":1}},"line":58},"2":{"name":"updateFullOrderBook","decl":{"start":{"line":108,"column":7},"end":{"line":119,"column":1}},"loc":{"start":{"line":108,"column":7},"end":{"line":119,"column":1}},"line":108},"3":{"name":"processFullOrderBook","decl":{"start":{"line":126,"column":7},"end":{"line":134,"column":1}},"loc":{"start":{"line":126,"column":7},"end":{"line":134,"column":1}},"line":126}},"f":{"0":17,"1":15,"2":4,"3":5}}
,"/Users/steven/Desktop/side project/order-book/src/types/index.ts": {"path":"/Users/steven/Desktop/side project/order-book/src/types/index.ts","all":true,"statementMap":{"0":{"start":{"line":1,"column":0},"end":{"line":1,"column":50}},"1":{"start":{"line":2,"column":0},"end":{"line":2,"column":57}},"2":{"start":{"line":3,"column":0},"end":{"line":3,"column":77}},"3":{"start":{"line":4,"column":0},"end":{"line":4,"column":72}},"4":{"start":{"line":5,"column":0},"end":{"line":5,"column":0}},"5":{"start":{"line":6,"column":0},"end":{"line":6,"column":35}},"6":{"start":{"line":7,"column":0},"end":{"line":7,"column":41}},"7":{"start":{"line":8,"column":0},"end":{"line":8,"column":0}},"8":{"start":{"line":9,"column":0},"end":{"line":9,"column":17}},"9":{"start":{"line":10,"column":0},"end":{"line":10,"column":30}},"10":{"start":{"line":11,"column":0},"end":{"line":11,"column":38}},"11":{"start":{"line":12,"column":0},"end":{"line":12,"column":38}},"12":{"start":{"line":13,"column":0},"end":{"line":13,"column":38}},"13":{"start":{"line":14,"column":0},"end":{"line":14,"column":38}},"14":{"start":{"line":15,"column":0},"end":{"line":15,"column":45}},"15":{"start":{"line":16,"column":0},"end":{"line":16,"column":36}},"16":{"start":{"line":17,"column":0},"end":{"line":17,"column":38}},"17":{"start":{"line":18,"column":0},"end":{"line":18,"column":1}},"18":{"start":{"line":19,"column":0},"end":{"line":19,"column":0}},"19":{"start":{"line":20,"column":0},"end":{"line":20,"column":14}},"20":{"start":{"line":21,"column":0},"end":{"line":21,"column":33}},"21":{"start":{"line":22,"column":0},"end":{"line":22,"column":35}},"22":{"start":{"line":23,"column":0},"end":{"line":23,"column":34}},"23":{"start":{"line":24,"column":0},"end":{"line":24,"column":36}},"24":{"start":{"line":25,"column":0},"end":{"line":25,"column":1}},"25":{"start":{"line":26,"column":0},"end":{"line":26,"column":0}},"26":{"start":{"line":27,"column":0},"end":{"line":27,"column":14}},"27":{"start":{"line":28,"column":0},"end":{"line":28,"column":32}},"28":{"start":{"line":29,"column":0},"end":{"line":29,"column":37}},"29":{"start":{"line":30,"column":0},"end":{"line":30,"column":37}},"30":{"start":{"line":31,"column":0},"end":{"line":31,"column":1}},"31":{"start":{"line":32,"column":0},"end":{"line":32,"column":0}},"32":{"start":{"line":33,"column":0},"end":{"line":33,"column":13}},"33":{"start":{"line":34,"column":0},"end":{"line":34,"column":28}},"34":{"start":{"line":35,"column":0},"end":{"line":35,"column":36}},"35":{"start":{"line":36,"column":0},"end":{"line":36,"column":40}},"36":{"start":{"line":37,"column":0},"end":{"line":37,"column":35}},"37":{"start":{"line":38,"column":0},"end":{"line":38,"column":36}},"38":{"start":{"line":39,"column":0},"end":{"line":39,"column":36}},"39":{"start":{"line":40,"column":0},"end":{"line":40,"column":34}},"40":{"start":{"line":41,"column":0},"end":{"line":41,"column":1}},"41":{"start":{"line":42,"column":0},"end":{"line":42,"column":0}},"42":{"start":{"line":43,"column":0},"end":{"line":43,"column":13}},"43":{"start":{"line":44,"column":0},"end":{"line":44,"column":30}},"44":{"start":{"line":45,"column":0},"end":{"line":45,"column":48}},"45":{"start":{"line":46,"column":0},"end":{"line":46,"column":35}},"46":{"start":{"line":47,"column":0},"end":{"line":47,"column":42}},"47":{"start":{"line":48,"column":0},"end":{"line":48,"column":1}},"48":{"start":{"line":49,"column":0},"end":{"line":49,"column":0}},"49":{"start":{"line":50,"column":0},"end":{"line":50,"column":34}},"50":{"start":{"line":51,"column":0},"end":{"line":51,"column":59}}},"s":{"0":0,"1":0,"2":0,"3":0,"4":0,"5":0,"6":0,"7":0,"8":0,"9":0,"10":0,"11":0,"12":0,"13":0,"14":0,"15":0,"16":0,"17":0,"18":0,"19":0,"20":0,"21":0,"22":0,"23":0,"24":0,"25":0,"26":0,"27":0,"28":0,"29":0,"30":0,"31":0,"32":0,"33":0,"34":0,"35":0,"36":0,"37":0,"38":0,"39":0,"40":0,"41":0,"42":0,"43":0,"44":0,"45":0,"46":0,"47":0,"48":0,"49":0,"50":0},"branchMap":{"0":{"type":"branch","line":1,"loc":{"start":{"line":1,"column":0},"end":{"line":51,"column":59}},"locations":[{"start":{"line":1,"column":0},"end":{"line":51,"column":59}}]}},"b":{"0":[0]},"fnMap":{"0":{"name":"(empty-report)","decl":{"start":{"line":1,"column":0},"end":{"line":51,"column":59}},"loc":{"start":{"line":1,"column":0},"end":{"line":51,"column":59}},"line":1}},"f":{"0":0}}
}
